1676988564147	geckodriver	INFO	Listening on 127.0.0.1:58849
1676988567214	mozrunner::runner	INFO	Running command: "C:\\Program Files\\Mozilla Firefox\\firefox.exe" "--marionette" "--remote-debugging-port" "58850" "--remote-allow-hosts" "localhost" "-no-remote" "-profile" "C:\\Users\\jonas\\AppData\\Local\\Temp\\rust_mozprofilevZ32y4"
console.warn: services.settings: Ignoring preference override of remote settings server
console.warn: services.settings: Allow by setting MOZ_REMOTE_SETTINGS_DEVTOOLS=1 in the environment
1676988567444	Marionette	INFO	Marionette enabled
Dynamically enable window occlusion 0
1676988567448	Marionette	INFO	Listening on port 58862
WebDriver BiDi listening on ws://127.0.0.1:58850
Read port: 58862
1676988567653	RemoteAgent	WARN	TLS certificate errors will be ignored for this session
console.warn: SearchSettings: "get: No settings file exists, new profile?" (new NotFoundError("Could not open the file at C:\\Users\\jonas\\AppData\\Local\\Temp\\rust_mozprofilevZ32y4\\search.json.mozlz4", (void 0)))
DevTools listening on ws://127.0.0.1:58850/devtools/browser/5d2f12a6-84be-4b9c-91cc-48885c2e79a8
1676988587542	Marionette	INFO	Stopped listening on port 58862
Dynamically enable window occlusion 1
WARNING: A blocker encountered an error while we were waiting.
          Blocker:  Waiting for ping task
          Phase: TelemetryController: Waiting for pending ping activity
          State: (none)
WARNING: Error: Phase "profile-before-change" is finished, it is too late to register completion condition "OS.File: flush I/O queued before profileBeforeChange"
WARNING: addBlocker@resource://gre/modules/AsyncShutdown.sys.mjs:727:15
addBlocker@resource://gre/modules/AsyncShutdown.sys.mjs:523:26
addBlocker@resource://gre/modules/AsyncShutdown.sys.mjs:458:15
setupShutdown@resource://gre/modules/osfile/osfile_async_front.jsm:1548:28
@resource://gre/modules/osfile/osfile_async_front.jsm:1568:16
@resource://gre/modules/osfile.jsm:12:30
@resource://gre/modules/TelemetryStorage.sys.mjs:10:28
_checkPendingPings@resource://gre/modules/TelemetrySend.sys.mjs:863:17
setup@resource://gre/modules/TelemetrySend.sys.mjs:803:18
setup@resource://gre/modules/TelemetrySend.sys.mjs:241:30
setupTelemetry/this._delayedInitTask<@resource://gre/modules/TelemetryControllerParent.sys.mjs:829:36
observe@resource://gre/modules/AsyncShutdown.sys.mjs:576:16

WARNING: A blocker encountered an error while we were waiting.
          Blocker:  Waiting for ping task
          Phase: TelemetryController: Waiting for pending ping activity
          State: (none)
WARNING: Error: Phase "profile-before-change" is finished, it is too late to register completion condition "OS.File: flush I/O queued before profileBeforeChange"
WARNING: addBlocker@resource://gre/modules/AsyncShutdown.sys.mjs:727:15
addBlocker@resource://gre/modules/AsyncShutdown.sys.mjs:523:26
addBlocker@resource://gre/modules/AsyncShutdown.sys.mjs:458:15
setupShutdown@resource://gre/modules/osfile/osfile_async_front.jsm:1548:28
@resource://gre/modules/osfile/osfile_async_front.jsm:1568:16
@resource://gre/modules/osfile.jsm:12:30
@resource://gre/modules/TelemetryStorage.sys.mjs:10:28
_checkPendingPings@resource://gre/modules/TelemetrySend.sys.mjs:863:17
setup@resource://gre/modules/TelemetrySend.sys.mjs:803:18
setup@resource://gre/modules/TelemetrySend.sys.mjs:241:30
setupTelemetry/this._delayedInitTask<@resource://gre/modules/TelemetryControllerParent.sys.mjs:829:36
observe@resource://gre/modules/AsyncShutdown.sys.mjs:576:16

WARNING: A blocker encountered an error while we were waiting.
          Blocker:  Waiting for ping task
          Phase: TelemetryController: Waiting for pending ping activity
          State: (none)
WARNING: Error: Phase "profile-before-change" is finished, it is too late to register completion condition "OS.File: flush I/O queued before profileBeforeChange"
WARNING: addBlocker@resource://gre/modules/AsyncShutdown.sys.mjs:727:15
addBlocker@resource://gre/modules/AsyncShutdown.sys.mjs:523:26
addBlocker@resource://gre/modules/AsyncShutdown.sys.mjs:458:15
setupShutdown@resource://gre/modules/osfile/osfile_async_front.jsm:1548:28
@resource://gre/modules/osfile/osfile_async_front.jsm:1568:16
@resource://gre/modules/osfile.jsm:12:30
@resource://gre/modules/TelemetryStorage.sys.mjs:10:28
_checkPendingPings@resource://gre/modules/TelemetrySend.sys.mjs:863:17
setup@resource://gre/modules/TelemetrySend.sys.mjs:803:18
setup@resource://gre/modules/TelemetrySend.sys.mjs:241:30
setupTelemetry/this._delayedInitTask<@resource://gre/modules/TelemetryControllerParent.sys.mjs:829:36
observe@resource://gre/modules/AsyncShutdown.sys.mjs:576:16

WARNING: A blocker encountered an error while we were waiting.
          Blocker:  TelemetryController: shutting down
          Phase: profile-before-change-telemetry
          State: Error getting state: Error: Phase "profile-before-change" is finished, it is too late to register completion condition "OS.File: flush I/O queued before profileBeforeChange" at addBlocker@resource://gre/modules/AsyncShutdown.sys.mjs:727:15
addBlocker@resource://gre/modules/AsyncShutdown.sys.mjs:523:26
addBlocker@resource://gre/modules/AsyncShutdown.sys.mjs:458:15
setupShutdown@resource://gre/modules/osfile/osfile_async_front.jsm:1548:28
@resource://gre/modules/osfile/osfile_async_front.jsm:1568:16
@resource://gre/modules/osfile.jsm:12:30
@resource://gre/modules/TelemetryStorage.sys.mjs:10:28
_checkPendingPings@resource://gre/modules/TelemetrySend.sys.mjs:863:17
setup@resource://gre/modules/TelemetrySend.sys.mjs:803:18
setup@resource://gre/modules/TelemetrySend.sys.mjs:241:30
setupTelemetry/this._delayedInitTask<@resource://gre/modules/TelemetryControllerParent.sys.mjs:829:36
observe@resource://gre/modules/AsyncShutdown.sys.mjs:576:16

WARNING: Error: Phase "profile-before-change" is finished, it is too late to register completion condition "OS.File: flush I/O queued before profileBeforeChange"
WARNING: addBlocker@resource://gre/modules/AsyncShutdown.sys.mjs:727:15
addBlocker@resource://gre/modules/AsyncShutdown.sys.mjs:523:26
addBlocker@resource://gre/modules/AsyncShutdown.sys.mjs:458:15
setupShutdown@resource://gre/modules/osfile/osfile_async_front.jsm:1548:28
@resource://gre/modules/osfile/osfile_async_front.jsm:1568:16
@resource://gre/modules/osfile.jsm:12:30
@resource://gre/modules/TelemetryStorage.sys.mjs:10:28
_checkPendingPings@resource://gre/modules/TelemetrySend.sys.mjs:863:17
setup@resource://gre/modules/TelemetrySend.sys.mjs:803:18
setup@resource://gre/modules/TelemetrySend.sys.mjs:241:30
setupTelemetry/this._delayedInitTask<@resource://gre/modules/TelemetryControllerParent.sys.mjs:829:36
observe@resource://gre/modules/AsyncShutdown.sys.mjs:576:16

JavaScript error: resource://gre/modules/AsyncShutdown.sys.mjs, line 727: Error: Phase "profile-before-change" is finished, it is too late to register completion condition "OS.File: flush I/O queued before profileBeforeChange"
JavaScript error: resource://gre/modules/AsyncShutdown.sys.mjs, line 727: Error: Phase "profile-before-change" is finished, it is too late to register completion condition "OS.File: flush I/O queued before profileBeforeChange"
JavaScript error: resource://gre/modules/AsyncShutdown.sys.mjs, line 727: Error: Phase "profile-before-change" is finished, it is too late to register completion condition "OS.File: flush I/O queued before profileBeforeChange"
JavaScript error: resource://gre/modules/AsyncShutdown.sys.mjs, line 727: Error: Phase "profile-before-change" is finished, it is too late to register completion condition "OS.File: flush I/O queued before profileBeforeChange"
JavaScript error: resource://gre/modules/AsyncShutdown.sys.mjs, line 727: Error: Phase "profile-before-change" is finished, it is too late to register completion condition "OS.File: flush I/O queued before profileBeforeChange"
JavaScript error: resource://gre/modules/AsyncShutdown.sys.mjs, line 727: Error: Phase "profile-before-change" is finished, it is too late to register completion condition "OS.File: flush I/O queued before profileBeforeChange"
1676988756238	geckodriver	INFO	Listening on 127.0.0.1:50503
1676988759306	mozrunner::runner	INFO	Running command: "C:\\Program Files\\Mozilla Firefox\\firefox.exe" "--marionette" "--remote-debugging-port" "50504" "--remote-allow-hosts" "localhost" "-no-remote" "-profile" "C:\\Users\\jonas\\AppData\\Local\\Temp\\rust_mozprofile4NSsL2"
console.warn: services.settings: Ignoring preference override of remote settings server
console.warn: services.settings: Allow by setting MOZ_REMOTE_SETTINGS_DEVTOOLS=1 in the environment
1676988759497	Marionette	INFO	Marionette enabled
Dynamically enable window occlusion 0
1676988759499	Marionette	INFO	Listening on port 50511
Read port: 50511
WebDriver BiDi listening on ws://127.0.0.1:50504
1676988759586	RemoteAgent	WARN	TLS certificate errors will be ignored for this session
console.warn: SearchSettings: "get: No settings file exists, new profile?" (new NotFoundError("Could not open the file at C:\\Users\\jonas\\AppData\\Local\\Temp\\rust_mozprofile4NSsL2\\search.json.mozlz4", (void 0)))
DevTools listening on ws://127.0.0.1:50504/devtools/browser/c8379a4a-22eb-4234-829a-3c0a39a1c443
1676989172335	Marionette	INFO	Stopped listening on port 50511
Dynamically enable window occlusion 1
ng command: "C:\\Program Files\\Mozilla Firefox\\firefox.exe" "--marionette" "--remote-debugging-port" "50567" "--remote-allow-hosts" "localhost" "-no-remote" "-profile" "C:\\Users\\jonas\\AppData\\Local\\Temp\\rust_mozprofilemLnZBS"
console.warn: services.settings: Ignoring preference override of remote settings server
console.warn: services.settings: Allow by setting MOZ_REMOTE_SETTINGS_DEVTOOLS=1 in the environment
1676988829164	Marionette	INFO	Marionette enabled
Dynamically enable window occlusion 0
1676988829167	Marionette	INFO	Listening on port 50575
Read port: 50575
WebDriver BiDi listening on ws://127.0.0.1:50567
1676988829252	RemoteAgent	WARN	TLS certificate errors will be ignored for this session
console.warn: SearchSettings: "get: No settings file exists, new profile?" (new NotFoundError("Could not open the file at C:\\Users\\jonas\\AppData\\Local\\Temp\\rust_mozprofilemLnZBS\\search.json.mozlz4", (void 0)))
DevTools listening on ws://127.0.0.1:50567/devtools/browser/8638da5f-9d8c-4748-9501-e70a93beeea4
1676988980692	Marionette	INFO	Stopped listening on port 50575
Dynamically enable window occlusion 1
[Parent 16552, IPC I/O Parent] WARNING: DuplicateHandle failed for handle 0 in TransferHandles: file /builds/worker/checkouts/gecko/ipc/chromium/src/chrome/common/ipc_channel_win.cc:777
\\AppData\\Local\\Temp\\rust_mozprofilemcHHc5"
console.warn: services.settings: Ignoring preference override of remote settings server
console.warn: services.settings: Allow by setting MOZ_REMOTE_SETTINGS_DEVTOOLS=1 in the environment
1676988940079	Marionette	INFO	Marionette enabled
Dynamically enable window occlusion 0
1676988940082	Marionette	INFO	Listening on port 50647
Read port: 50647
WebDriver BiDi listening on ws://127.0.0.1:50640
1676988940194	RemoteAgent	WARN	TLS certificate errors will be ignored for this session
console.warn: SearchSettings: "get: No settings file exists, new profile?" (new NotFoundError("Could not open the file at C:\\Users\\jonas\\AppData\\Local\\Temp\\rust_mozprofilemcHHc5\\search.json.mozlz4", (void 0)))
DevTools listening on ws://127.0.0.1:50640/devtools/browser/1815aa14-ad06-4e67-bad4-f4ea795e7bbc
1676988979995	Marionette	INFO	Stopped listening on port 50647
Dynamically enable window occlusion 1
[Parent 7796, IPC I/O Parent] WARNING: DuplicateHandle failed for handle 0 in TransferHandles: file /builds/worker/checkouts/gecko/ipc/chromium/src/chrome/common/ipc_channel_win.cc:777
WARNING: A blocker encountered an error while we were waiting.
          Blocker:  Waiting for ping task
          Phase: TelemetryController: Waiting for pending ping activity
          State: (none)
WARNING: Error: Phase "profile-before-change" is finished, it is too late to register completion condition "OS.File: flush I/O queued before profileBeforeChange"
WARNING: addBlocker@resource://gre/modules/AsyncShutdown.sys.mjs:727:15
addBlocker@resource://gre/modules/AsyncShutdown.sys.mjs:523:26
addBlocker@resource://gre/modules/AsyncShutdown.sys.mjs:458:15
setupShutdown@resource://gre/modules/osfile/osfile_async_front.jsm:1548:28
@resource://gre/modules/osfile/osfile_async_front.jsm:1568:16
@resource://gre/modules/osfile.jsm:12:30
@resource://gre/modules/TelemetryStorage.sys.mjs:10:28
_checkPendingPings@resource://gre/modules/TelemetrySend.sys.mjs:863:17
setup@resource://gre/modules/TelemetrySend.sys.mjs:803:18
setup@resource://gre/modules/TelemetrySend.sys.mjs:241:30
setupTelemetry/this._delayedInitTask<@resource://gre/modules/TelemetryControllerParent.sys.mjs:829:36
observe@resource://gre/modules/AsyncShutdown.sys.mjs:576:16

WARNING: A blocker encountered an error while we were waiting.
          Blocker:  Waiting for ping task
          Phase: TelemetryController: Waiting for pending ping activity
          State: (none)
WARNING: Error: Phase "profile-before-change" is finished, it is too late to register completion condition "OS.File: flush I/O queued before profileBeforeChange"
WARNING: addBlocker@resource://gre/modules/AsyncShutdown.sys.mjs:727:15
addBlocker@resource://gre/modules/AsyncShutdown.sys.mjs:523:26
addBlocker@resource://gre/modules/AsyncShutdown.sys.mjs:458:15
setupShutdown@resource://gre/modules/osfile/osfile_async_front.jsm:1548:28
@resource://gre/modules/osfile/osfile_async_front.jsm:1568:16
@resource://gre/modules/osfile.jsm:12:30
@resource://gre/modules/TelemetryStorage.sys.mjs:10:28
_checkPendingPings@resource://gre/modules/TelemetrySend.sys.mjs:863:17
setup@resource://gre/modules/TelemetrySend.sys.mjs:803:18
setup@resource://gre/modules/TelemetrySend.sys.mjs:241:30
setupTelemetry/this._delayedInitTask<@resource://gre/modules/TelemetryControllerParent.sys.mjs:829:36
observe@resource://gre/modules/AsyncShutdown.sys.mjs:576:16

WARNING: A blocker encountered an error while we were waiting.
          Blocker:  Waiting for ping task
          Phase: TelemetryController: Waiting for pending ping activity
          State: (none)
WARNING: Error: Phase "profile-before-change" is finished, it is too late to register completion condition "OS.File: flush I/O queued before profileBeforeChange"
WARNING: addBlocker@resource://gre/modules/AsyncShutdown.sys.mjs:727:15
addBlocker@resource://gre/modules/AsyncShutdown.sys.mjs:523:26
addBlocker@resource://gre/modules/AsyncShutdown.sys.mjs:458:15
setupShutdown@resource://gre/modules/osfile/osfile_async_front.jsm:1548:28
@resource://gre/modules/osfile/osfile_async_front.jsm:1568:16
@resource://gre/modules/osfile.jsm:12:30
@resource://gre/modules/TelemetryStorage.sys.mjs:10:28
_checkPendingPings@resource://gre/modules/TelemetrySend.sys.mjs:863:17
setup@resource://gre/modules/TelemetrySend.sys.mjs:803:18
setup@resource://gre/modules/TelemetrySend.sys.mjs:241:30
setupTelemetry/this._delayedInitTask<@resource://gre/modules/TelemetryControllerParent.sys.mjs:829:36
observe@resource://gre/modules/AsyncShutdown.sys.mjs:576:16

WARNING: A blocker encountered an error while we were waiting.
          Blocker:  TelemetryController: shutting down
          Phase: profile-before-change-telemetry
          State: Error getting state: Error: Phase "profile-before-change" is finished, it is too late to register completion condition "OS.File: flush I/O queued before profileBeforeChange" at addBlocker@resource://gre/modules/AsyncShutdown.sys.mjs:727:15
addBlocker@resource://gre/modules/AsyncShutdown.sys.mjs:523:26
addBlocker@resource://gre/modules/AsyncShutdown.sys.mjs:458:15
setupShutdown@resource://gre/modules/osfile/osfile_async_front.jsm:1548:28
@resource://gre/modules/osfile/osfile_async_front.jsm:1568:16
@resource://gre/modules/osfile.jsm:12:30
@resource://gre/modules/TelemetryStorage.sys.mjs:10:28
_checkPendingPings@resource://gre/modules/TelemetrySend.sys.mjs:863:17
setup@resource://gre/modules/TelemetrySend.sys.mjs:803:18
setup@resource://gre/modules/TelemetrySend.sys.mjs:241:30
setupTelemetry/this._delayedInitTask<@resource://gre/modules/TelemetryControllerParent.sys.mjs:829:36
observe@resource://gre/modules/AsyncShutdown.sys.mjs:576:16

WARNING: Error: Phase "profile-before-change" is finished, it is too late to register completion condition "OS.File: flush I/O queued before profileBeforeChange"
WARNING: addBlocker@resource://gre/modules/AsyncShutdown.sys.mjs:727:15
addBlocker@resource://gre/modules/AsyncShutdown.sys.mjs:523:26
addBlocker@resource://gre/modules/AsyncShutdown.sys.mjs:458:15
setupShutdown@resource://gre/modules/osfile/osfile_async_front.jsm:1548:28
@resource://gre/modules/osfile/osfile_async_front.jsm:1568:16
@resource://gre/modules/osfile.jsm:12:30
@resource://gre/modules/TelemetryStorage.sys.mjs:10:28
_checkPendingPings@resource://gre/modules/TelemetrySend.sys.mjs:863:17
setup@resource://gre/modules/TelemetrySend.sys.mjs:803:18
setup@resource://gre/modules/TelemetrySend.sys.mjs:241:30
setupTelemetry/this._delayedInitTask<@resource://gre/modules/TelemetryControllerParent.sys.mjs:829:36
observe@resource://gre/modules/AsyncShutdown.sys.mjs:576:16

JavaScript error: resource://gre/modules/AsyncShutdown.sys.mjs, line 727: Error: Phase "profile-before-change" is finished, it is too late to register completion condition "OS.File: flush I/O queued before profileBeforeChange"
JavaScript error: resource://gre/modules/AsyncShutdown.sys.mjs, line 727: Error: Phase "profile-before-change" is finished, it is too late to register completion condition "OS.File: flush I/O queued before profileBeforeChange"
JavaScript error: resource://gre/modules/AsyncShutdown.sys.mjs, line 727: Error: Phase "profile-before-change" is finished, it is too late to register completion condition "OS.File: flush I/O queued before profileBeforeChange"
JavaScript error: resource://gre/modules/AsyncShutdown.sys.mjs, line 727: Error: Phase "profile-before-change" is finished, it is too late to register completion condition "OS.File: flush I/O queued before profileBeforeChange"
JavaScript error: resource://gre/modules/AsyncShutdown.sys.mjs, line 727: Error: Phase "profile-before-change" is finished, it is too late to register completion condition "OS.File: flush I/O queued before profileBeforeChange"
JavaScript error: resource://gre/modules/AsyncShutdown.sys.mjs, line 727: Error: Phase "profile-before-change" is finished, it is too late to register completion condition "OS.File: flush I/O queued before profileBeforeChange"
1676988995891	geckodriver	INFO	Listening on 127.0.0.1:50682
1676988998938	mozrunner::runner	INFO	Running command: "C:\\Program Files\\Mozilla Firefox\\firefox.exe" "--marionette" "--remote-debugging-port" "50683" "--remote-allow-hosts" "localhost" "-no-remote" "-profile" "C:\\Users\\jonas\\AppData\\Local\\Temp\\rust_mozprofileJEhT0T"
console.warn: services.settings: Ignoring preference override of remote settings server
console.warn: services.settings: Allow by setting MOZ_REMOTE_SETTINGS_DEVTOOLS=1 in the environment
1676988999124	Marionette	INFO	Marionette enabled
Dynamically enable window occlusion 0
1676988999127	Marionette	INFO	Listening on port 50691
Read port: 50691
WebDriver BiDi listening on ws://127.0.0.1:50683
1676988999212	RemoteAgent	WARN	TLS certificate errors will be ignored for this session
console.warn: SearchSettings: "get: No settings file exists, new profile?" (new NotFoundError("Could not open the file at C:\\Users\\jonas\\AppData\\Local\\Temp\\rust_mozprofileJEhT0T\\search.json.mozlz4", (void 0)))
DevTools listening on ws://127.0.0.1:50683/devtools/browser/41c33b62-630e-4674-8a2f-bd96d601e726
1676989170219	Marionette	INFO	Stopped listening on port 50691
Dynamically enable window occlusion 1
[Parent 21416, IPC I/O Parent] WARNING: DuplicateHandle failed for handle 0 in TransferHandles: file /builds/worker/checkouts/gecko/ipc/chromium/src/chrome/common/ipc_channel_win.cc:777
1676989183239	geckodriver	INFO	Listening on 127.0.0.1:57661
1676989186295	mozrunner::runner	INFO	Running command: "C:\\Program Files\\Mozilla Firefox\\firefox.exe" "--marionette" "--remote-debugging-port" "57662" "--remote-allow-hosts" "localhost" "-no-remote" "-profile" "C:\\Users\\jonas\\AppData\\Local\\Temp\\rust_mozprofilepxlXx3"
console.warn: services.settings: Ignoring preference override of remote settings server
console.warn: services.settings: Allow by setting MOZ_REMOTE_SETTINGS_DEVTOOLS=1 in the environment
1676989186482	Marionette	INFO	Marionette enabled
Dynamically enable window occlusion 0
1676989186485	Marionette	INFO	Listening on port 57671
Read port: 57671
WebDriver BiDi listening on ws://127.0.0.1:57662
1676989186577	RemoteAgent	WARN	TLS certificate errors will be ignored for this session
console.warn: SearchSettings: "get: No settings file exists, new profile?" (new NotFoundError("Could not open the file at C:\\Users\\jonas\\AppData\\Local\\Temp\\rust_mozprofilepxlXx3\\search.json.mozlz4", (void 0)))
DevTools listening on ws://127.0.0.1:57662/devtools/browser/7d94fde0-38db-4d64-a6d3-3bb50d56fdb6
1676989195638	Marionette	INFO	Stopped listening on port 57671
Dynamically enable window occlusion 1
WARNING: A blocker encountered an error while we were waiting.
          Blocker:  Waiting for ping task
          Phase: TelemetryController: Waiting for pending ping activity
          State: (none)
WARNING: Error: Phase "profile-before-change" is finished, it is too late to register completion condition "OS.File: flush I/O queued before profileBeforeChange"
WARNING: addBlocker@resource://gre/modules/AsyncShutdown.sys.mjs:727:15
addBlocker@resource://gre/modules/AsyncShutdown.sys.mjs:523:26
addBlocker@resource://gre/modules/AsyncShutdown.sys.mjs:458:15
setupShutdown@resource://gre/modules/osfile/osfile_async_front.jsm:1548:28
@resource://gre/modules/osfile/osfile_async_front.jsm:1568:16
@resource://gre/modules/osfile.jsm:12:30
@resource://gre/modules/TelemetryStorage.sys.mjs:10:28
_checkPendingPings@resource://gre/modules/TelemetrySend.sys.mjs:863:17
setup@resource://gre/modules/TelemetrySend.sys.mjs:803:18
setup@resource://gre/modules/TelemetrySend.sys.mjs:241:30
setupTelemetry/this._delayedInitTask<@resource://gre/modules/TelemetryControllerParent.sys.mjs:829:36
observe@resource://gre/modules/AsyncShutdown.sys.mjs:576:16

WARNING: A blocker encountered an error while we were waiting.
          Blocker:  Waiting for ping task
          Phase: TelemetryController: Waiting for pending ping activity
          State: (none)
WARNING: Error: Phase "profile-before-change" is finished, it is too late to register completion condition "OS.File: flush I/O queued before profileBeforeChange"
WARNING: addBlocker@resource://gre/modules/AsyncShutdown.sys.mjs:727:15
addBlocker@resource://gre/modules/AsyncShutdown.sys.mjs:523:26
addBlocker@resource://gre/modules/AsyncShutdown.sys.mjs:458:15
setupShutdown@resource://gre/modules/osfile/osfile_async_front.jsm:1548:28
@resource://gre/modules/osfile/osfile_async_front.jsm:1568:16
@resource://gre/modules/osfile.jsm:12:30
@resource://gre/modules/TelemetryStorage.sys.mjs:10:28
_checkPendingPings@resource://gre/modules/TelemetrySend.sys.mjs:863:17
setup@resource://gre/modules/TelemetrySend.sys.mjs:803:18
setup@resource://gre/modules/TelemetrySend.sys.mjs:241:30
setupTelemetry/this._delayedInitTask<@resource://gre/modules/TelemetryControllerParent.sys.mjs:829:36
observe@resource://gre/modules/AsyncShutdown.sys.mjs:576:16

WARNING: A blocker encountered an error while we were waiting.
          Blocker:  Waiting for ping task
          Phase: TelemetryController: Waiting for pending ping activity
          State: (none)
WARNING: Error: Phase "profile-before-change" is finished, it is too late to register completion condition "OS.File: flush I/O queued before profileBeforeChange"
WARNING: addBlocker@resource://gre/modules/AsyncShutdown.sys.mjs:727:15
addBlocker@resource://gre/modules/AsyncShutdown.sys.mjs:523:26
addBlocker@resource://gre/modules/AsyncShutdown.sys.mjs:458:15
setupShutdown@resource://gre/modules/osfile/osfile_async_front.jsm:1548:28
@resource://gre/modules/osfile/osfile_async_front.jsm:1568:16
@resource://gre/modules/osfile.jsm:12:30
@resource://gre/modules/TelemetryStorage.sys.mjs:10:28
_checkPendingPings@resource://gre/modules/TelemetrySend.sys.mjs:863:17
setup@resource://gre/modules/TelemetrySend.sys.mjs:803:18
setup@resource://gre/modules/TelemetrySend.sys.mjs:241:30
setupTelemetry/this._delayedInitTask<@resource://gre/modules/TelemetryControllerParent.sys.mjs:829:36
observe@resource://gre/modules/AsyncShutdown.sys.mjs:576:16

WARNING: A blocker encountered an error while we were waiting.
          Blocker:  TelemetryController: shutting down
          Phase: profile-before-change-telemetry
          State: Error getting state: Error: Phase "profile-before-change" is finished, it is too late to register completion condition "OS.File: flush I/O queued before profileBeforeChange" at addBlocker@resource://gre/modules/AsyncShutdown.sys.mjs:727:15
addBlocker@resource://gre/modules/AsyncShutdown.sys.mjs:523:26
addBlocker@resource://gre/modules/AsyncShutdown.sys.mjs:458:15
setupShutdown@resource://gre/modules/osfile/osfile_async_front.jsm:1548:28
@resource://gre/modules/osfile/osfile_async_front.jsm:1568:16
@resource://gre/modules/osfile.jsm:12:30
@resource://gre/modules/TelemetryStorage.sys.mjs:10:28
_checkPendingPings@resource://gre/modules/TelemetrySend.sys.mjs:863:17
setup@resource://gre/modules/TelemetrySend.sys.mjs:803:18
setup@resource://gre/modules/TelemetrySend.sys.mjs:241:30
setupTelemetry/this._delayedInitTask<@resource://gre/modules/TelemetryControllerParent.sys.mjs:829:36
observe@resource://gre/modules/AsyncShutdown.sys.mjs:576:16

WARNING: Error: Phase "profile-before-change" is finished, it is too late to register completion condition "OS.File: flush I/O queued before profileBeforeChange"
WARNING: addBlocker@resource://gre/modules/AsyncShutdown.sys.mjs:727:15
addBlocker@resource://gre/modules/AsyncShutdown.sys.mjs:523:26
addBlocker@resource://gre/modules/AsyncShutdown.sys.mjs:458:15
setupShutdown@resource://gre/modules/osfile/osfile_async_front.jsm:1548:28
@resource://gre/modules/osfile/osfile_async_front.jsm:1568:16
@resource://gre/modules/osfile.jsm:12:30
@resource://gre/modules/TelemetryStorage.sys.mjs:10:28
_checkPendingPings@resource://gre/modules/TelemetrySend.sys.mjs:863:17
setup@resource://gre/modules/TelemetrySend.sys.mjs:803:18
setup@resource://gre/modules/TelemetrySend.sys.mjs:241:30
setupTelemetry/this._delayedInitTask<@resource://gre/modules/TelemetryControllerParent.sys.mjs:829:36
observe@resource://gre/modules/AsyncShutdown.sys.mjs:576:16

JavaScript error: resource://gre/modules/AsyncShutdown.sys.mjs, line 727: Error: Phase "profile-before-change" is finished, it is too late to register completion condition "OS.File: flush I/O queued before profileBeforeChange"
JavaScript error: resource://gre/modules/AsyncShutdown.sys.mjs, line 727: Error: Phase "profile-before-change" is finished, it is too late to register completion condition "OS.File: flush I/O queued before profileBeforeChange"
JavaScript error: resource://gre/modules/AsyncShutdown.sys.mjs, line 727: Error: Phase "profile-before-change" is finished, it is too late to register completion condition "OS.File: flush I/O queued before profileBeforeChange"
JavaScript error: resource://gre/modules/AsyncShutdown.sys.mjs, line 727: Error: Phase "profile-before-change" is finished, it is too late to register completion condition "OS.File: flush I/O queued before profileBeforeChange"
JavaScript error: resource://gre/modules/AsyncShutdown.sys.mjs, line 727: Error: Phase "profile-before-change" is finished, it is too late to register completion condition "OS.File: flush I/O queued before profileBeforeChange"
JavaScript error: resource://gre/modules/AsyncShutdown.sys.mjs, line 727: Error: Phase "profile-before-change" is finished, it is too late to register completion condition "OS.File: flush I/O queued before profileBeforeChange"
1676989217409	geckodriver	INFO	Listening on 127.0.0.1:57707
1676989220482	mozrunner::runner	INFO	Running command: "C:\\Program Files\\Mozilla Firefox\\firefox.exe" "--marionette" "--remote-debugging-port" "57708" "--remote-allow-hosts" "localhost" "-no-remote" "-profile" "C:\\Users\\jonas\\AppData\\Local\\Temp\\rust_mozprofileXWgu79"
console.warn: services.settings: Ignoring preference override of remote settings server
console.warn: services.settings: Allow by setting MOZ_REMOTE_SETTINGS_DEVTOOLS=1 in the environment
1676989220676	Marionette	INFO	Marionette enabled
Dynamically enable window occlusion 0
1676989220679	Marionette	INFO	Listening on port 57715
Read port: 57715
WebDriver BiDi listening on ws://127.0.0.1:57708
1676989220762	RemoteAgent	WARN	TLS certificate errors will be ignored for this session
console.warn: SearchSettings: "get: No settings file exists, new profile?" (new NotFoundError("Could not open the file at C:\\Users\\jonas\\AppData\\Local\\Temp\\rust_mozprofileXWgu79\\search.json.mozlz4", (void 0)))
DevTools listening on ws://127.0.0.1:57708/devtools/browser/d315fe17-192c-4033-a9e7-3143abfa1354
1676989385340	Marionette	INFO	Stopped listening on port 57715
Dynamically enable window occlusion 1
[Parent 7424, IPC I/O Parent] WARNING: DuplicateHandle failed for handle 0 in TransferHandles: file /builds/worker/checkouts/gecko/ipc/chromium/src/chrome/common/ipc_channel_win.cc:777
s\\AppData\\Local\\Temp\\rust_mozprofileoltFzQ"
console.warn: services.settings: Ignoring preference override of remote settings server
console.warn: services.settings: Allow by setting MOZ_REMOTE_SETTINGS_DEVTOOLS=1 in the environment
1676989284071	Marionette	INFO	Marionette enabled
Dynamically enable window occlusion 0
1676989284074	Marionette	INFO	Listening on port 57766
Read port: 57766
WebDriver BiDi listening on ws://127.0.0.1:57759
1676989284162	RemoteAgent	WARN	TLS certificate errors will be ignored for this session
console.warn: SearchSettings: "get: No settings file exists, new profile?" (new NotFoundError("Could not open the file at C:\\Users\\jonas\\AppData\\Local\\Temp\\rust_mozprofileoltFzQ\\search.json.mozlz4", (void 0)))
DevTools listening on ws://127.0.0.1:57759/devtools/browser/02ead591-e4e1-4302-bcbd-d3d9991c7a79
1676989382794	Marionette	INFO	Stopped listening on port 57766
Dynamically enable window occlusion 1
ng command: "C:\\Program Files\\Mozilla Firefox\\firefox.exe" "--marionette" "--remote-debugging-port" "57813" "--remote-allow-hosts" "localhost" "-no-remote" "-profile" "C:\\Users\\jonas\\AppData\\Local\\Temp\\rust_mozprofileVOGRwB"
console.warn: services.settings: Ignoring preference override of remote settings server
console.warn: services.settings: Allow by setting MOZ_REMOTE_SETTINGS_DEVTOOLS=1 in the environment
1676989364283	Marionette	INFO	Marionette enabled
Dynamically enable window occlusion 0
1676989364286	Marionette	INFO	Listening on port 57820
Read port: 57820
WebDriver BiDi listening on ws://127.0.0.1:57813
1676989364368	RemoteAgent	WARN	TLS certificate errors will be ignored for this session
console.warn: SearchSettings: "get: No settings file exists, new profile?" (new NotFoundError("Could not open the file at C:\\Users\\jonas\\AppData\\Local\\Temp\\rust_mozprofileVOGRwB\\search.json.mozlz4", (void 0)))
DevTools listening on ws://127.0.0.1:57813/devtools/browser/350746e6-8d3d-4ff2-b410-e548f0379622
1676989382194	Marionette	INFO	Stopped listening on port 57820
Dynamically enable window occlusion 1
WARNING: A blocker encountered an error while we were waiting.
          Blocker:  Waiting for ping task
          Phase: TelemetryController: Waiting for pending ping activity
          State: (none)
WARNING: Error: Phase "profile-before-change" is finished, it is too late to register completion condition "OS.File: flush I/O queued before profileBeforeChange"
WARNING: addBlocker@resource://gre/modules/AsyncShutdown.sys.mjs:727:15
addBlocker@resource://gre/modules/AsyncShutdown.sys.mjs:523:26
addBlocker@resource://gre/modules/AsyncShutdown.sys.mjs:458:15
setupShutdown@resource://gre/modules/osfile/osfile_async_front.jsm:1548:28
@resource://gre/modules/osfile/osfile_async_front.jsm:1568:16
@resource://gre/modules/osfile.jsm:12:30
@resource://gre/modules/TelemetryStorage.sys.mjs:10:28
_checkPendingPings@resource://gre/modules/TelemetrySend.sys.mjs:863:17
setup@resource://gre/modules/TelemetrySend.sys.mjs:803:18
setup@resource://gre/modules/TelemetrySend.sys.mjs:241:30
setupTelemetry/this._delayedInitTask<@resource://gre/modules/TelemetryControllerParent.sys.mjs:829:36
observe@resource://gre/modules/AsyncShutdown.sys.mjs:576:16

WARNING: A blocker encountered an error while we were waiting.
          Blocker:  Waiting for ping task
          Phase: TelemetryController: Waiting for pending ping activity
          State: (none)
WARNING: Error: Phase "profile-before-change" is finished, it is too late to register completion condition "OS.File: flush I/O queued before profileBeforeChange"
WARNING: addBlocker@resource://gre/modules/AsyncShutdown.sys.mjs:727:15
addBlocker@resource://gre/modules/AsyncShutdown.sys.mjs:523:26
addBlocker@resource://gre/modules/AsyncShutdown.sys.mjs:458:15
setupShutdown@resource://gre/modules/osfile/osfile_async_front.jsm:1548:28
@resource://gre/modules/osfile/osfile_async_front.jsm:1568:16
@resource://gre/modules/osfile.jsm:12:30
@resource://gre/modules/TelemetryStorage.sys.mjs:10:28
_checkPendingPings@resource://gre/modules/TelemetrySend.sys.mjs:863:17
setup@resource://gre/modules/TelemetrySend.sys.mjs:803:18
setup@resource://gre/modules/TelemetrySend.sys.mjs:241:30
setupTelemetry/this._delayedInitTask<@resource://gre/modules/TelemetryControllerParent.sys.mjs:829:36
observe@resource://gre/modules/AsyncShutdown.sys.mjs:576:16

WARNING: A blocker encountered an error while we were waiting.
          Blocker:  Waiting for ping task
          Phase: TelemetryController: Waiting for pending ping activity
          State: (none)
WARNING: Error: Phase "profile-before-change" is finished, it is too late to register completion condition "OS.File: flush I/O queued before profileBeforeChange"
WARNING: addBlocker@resource://gre/modules/AsyncShutdown.sys.mjs:727:15
addBlocker@resource://gre/modules/AsyncShutdown.sys.mjs:523:26
addBlocker@resource://gre/modules/AsyncShutdown.sys.mjs:458:15
setupShutdown@resource://gre/modules/osfile/osfile_async_front.jsm:1548:28
@resource://gre/modules/osfile/osfile_async_front.jsm:1568:16
@resource://gre/modules/osfile.jsm:12:30
@resource://gre/modules/TelemetryStorage.sys.mjs:10:28
_checkPendingPings@resource://gre/modules/TelemetrySend.sys.mjs:863:17
setup@resource://gre/modules/TelemetrySend.sys.mjs:803:18
setup@resource://gre/modules/TelemetrySend.sys.mjs:241:30
setupTelemetry/this._delayedInitTask<@resource://gre/modules/TelemetryControllerParent.sys.mjs:829:36
observe@resource://gre/modules/AsyncShutdown.sys.mjs:576:16

WARNING: A blocker encountered an error while we were waiting.
          Blocker:  TelemetryController: shutting down
          Phase: profile-before-change-telemetry
          State: Error getting state: Error: Phase "profile-before-change" is finished, it is too late to register completion condition "OS.File: flush I/O queued before profileBeforeChange" at addBlocker@resource://gre/modules/AsyncShutdown.sys.mjs:727:15
addBlocker@resource://gre/modules/AsyncShutdown.sys.mjs:523:26
addBlocker@resource://gre/modules/AsyncShutdown.sys.mjs:458:15
setupShutdown@resource://gre/modules/osfile/osfile_async_front.jsm:1548:28
@resource://gre/modules/osfile/osfile_async_front.jsm:1568:16
@resource://gre/modules/osfile.jsm:12:30
@resource://gre/modules/TelemetryStorage.sys.mjs:10:28
_checkPendingPings@resource://gre/modules/TelemetrySend.sys.mjs:863:17
setup@resource://gre/modules/TelemetrySend.sys.mjs:803:18
setup@resource://gre/modules/TelemetrySend.sys.mjs:241:30
setupTelemetry/this._delayedInitTask<@resource://gre/modules/TelemetryControllerParent.sys.mjs:829:36
observe@resource://gre/modules/AsyncShutdown.sys.mjs:576:16

WARNING: Error: Phase "profile-before-change" is finished, it is too late to register completion condition "OS.File: flush I/O queued before profileBeforeChange"
WARNING: addBlocker@resource://gre/modules/AsyncShutdown.sys.mjs:727:15
addBlocker@resource://gre/modules/AsyncShutdown.sys.mjs:523:26
addBlocker@resource://gre/modules/AsyncShutdown.sys.mjs:458:15
setupShutdown@resource://gre/modules/osfile/osfile_async_front.jsm:1548:28
@resource://gre/modules/osfile/osfile_async_front.jsm:1568:16
@resource://gre/modules/osfile.jsm:12:30
@resource://gre/modules/TelemetryStorage.sys.mjs:10:28
_checkPendingPings@resource://gre/modules/TelemetrySend.sys.mjs:863:17
setup@resource://gre/modules/TelemetrySend.sys.mjs:803:18
setup@resource://gre/modules/TelemetrySend.sys.mjs:241:30
setupTelemetry/this._delayedInitTask<@resource://gre/modules/TelemetryControllerParent.sys.mjs:829:36
observe@resource://gre/modules/AsyncShutdown.sys.mjs:576:16

JavaScript error: resource://gre/modules/AsyncShutdown.sys.mjs, line 727: Error: Phase "profile-before-change" is finished, it is too late to register completion condition "OS.File: flush I/O queued before profileBeforeChange"
JavaScript error: resource://gre/modules/AsyncShutdown.sys.mjs, line 727: Error: Phase "profile-before-change" is finished, it is too late to register completion condition "OS.File: flush I/O queued before profileBeforeChange"
JavaScript error: resource://gre/modules/AsyncShutdown.sys.mjs, line 727: Error: Phase "profile-before-change" is finished, it is too late to register completion condition "OS.File: flush I/O queued before profileBeforeChange"
JavaScript error: resource://gre/modules/AsyncShutdown.sys.mjs, line 727: Error: Phase "profile-before-change" is finished, it is too late to register completion condition "OS.File: flush I/O queued before profileBeforeChange"
JavaScript error: resource://gre/modules/AsyncShutdown.sys.mjs, line 727: Error: Phase "profile-before-change" is finished, it is too late to register completion condition "OS.File: flush I/O queued before profileBeforeChange"
JavaScript error: resource://gre/modules/AsyncShutdown.sys.mjs, line 727: Error: Phase "profile-before-change" is finished, it is too late to register completion condition "OS.File: flush I/O queued before profileBeforeChange"
1676989481865	geckodriver	INFO	Listening on 127.0.0.1:57881
1676989484941	mozrunner::runner	INFO	Running command: "C:\\Program Files\\Mozilla Firefox\\firefox.exe" "--marionette" "--remote-debugging-port" "57882" "--remote-allow-hosts" "localhost" "-no-remote" "-profile" "C:\\Users\\jonas\\AppData\\Local\\Temp\\rust_mozprofileMzeXKL"
console.warn: services.settings: Ignoring preference override of remote settings server
console.warn: services.settings: Allow by setting MOZ_REMOTE_SETTINGS_DEVTOOLS=1 in the environment
1676989485129	Marionette	INFO	Marionette enabled
Dynamically enable window occlusion 0
1676989485131	Marionette	INFO	Listening on port 57890
Read port: 57890
WebDriver BiDi listening on ws://127.0.0.1:57882
1676989485219	RemoteAgent	WARN	TLS certificate errors will be ignored for this session
console.warn: SearchSettings: "get: No settings file exists, new profile?" (new NotFoundError("Could not open the file at C:\\Users\\jonas\\AppData\\Local\\Temp\\rust_mozprofileMzeXKL\\search.json.mozlz4", (void 0)))
DevTools listening on ws://127.0.0.1:57882/devtools/browser/27880cc5-6fba-48cc-936f-e3af245f8579
1676989675402	Marionette	INFO	Stopped listening on port 57890
Dynamically enable window occlusion 1
[Parent 13500, IPC I/O Parent] WARNING: DuplicateHandle failed for handle 0 in TransferHandles: file /builds/worker/checkouts/gecko/ipc/chromium/src/chrome/common/ipc_channel_win.cc:777
\\AppData\\Local\\Temp\\rust_mozprofileO2Qhwy"
console.warn: services.settings: Ignoring preference override of remote settings server
console.warn: services.settings: Allow by setting MOZ_REMOTE_SETTINGS_DEVTOOLS=1 in the environment
1676989579774	Marionette	INFO	Marionette enabled
Dynamically enable window occlusion 0
1676989579776	Marionette	INFO	Listening on port 49563
Read port: 49563
WebDriver BiDi listening on ws://127.0.0.1:49554
1676989579862	RemoteAgent	WARN	TLS certificate errors will be ignored for this session
console.warn: SearchSettings: "get: No settings file exists, new profile?" (new NotFoundError("Could not open the file at C:\\Users\\jonas\\AppData\\Local\\Temp\\rust_mozprofileO2Qhwy\\search.json.mozlz4", (void 0)))
DevTools listening on ws://127.0.0.1:49554/devtools/browser/949bc835-05a8-4f31-ba05-ec50315b8aed
1676989675919	Marionette	INFO	Stopped listening on port 49563
Dynamically enable window occlusion 1
ng command: "C:\\Program Files\\Mozilla Firefox\\firefox.exe" "--marionette" "--remote-debugging-port" "49596" "--remote-allow-hosts" "localhost" "-no-remote" "-profile" "C:\\Users\\jonas\\AppData\\Local\\Temp\\rust_mozprofileuTZe6e"
console.warn: services.settings: Ignoring preference override of remote settings server
console.warn: services.settings: Allow by setting MOZ_REMOTE_SETTINGS_DEVTOOLS=1 in the environment
1676989605473	Marionette	INFO	Marionette enabled
Dynamically enable window occlusion 0
1676989605476	Marionette	INFO	Listening on port 49603
Read port: 49603
WebDriver BiDi listening on ws://127.0.0.1:49596
1676989605564	RemoteAgent	WARN	TLS certificate errors will be ignored for this session
console.warn: SearchSettings: "get: No settings file exists, new profile?" (new NotFoundError("Could not open the file at C:\\Users\\jonas\\AppData\\Local\\Temp\\rust_mozprofileuTZe6e\\search.json.mozlz4", (void 0)))
DevTools listening on ws://127.0.0.1:49596/devtools/browser/0b6f14ae-afd1-4a84-afa1-3730d141e9c4
1676989677587	Marionette	INFO	Stopped listening on port 49603
Dynamically enable window occlusion 1
1676989680025	geckodriver	INFO	Listening on 127.0.0.1:49649
1676989683083	mozrunner::runner	INFO	Running command: "C:\\Program Files\\Mozilla Firefox\\firefox.exe" "--marionette" "--remote-debugging-port" "49650" "--remote-allow-hosts" "localhost" "-no-remote" "-profile" "C:\\Users\\jonas\\AppData\\Local\\Temp\\rust_mozprofileFzfupO"
console.warn: services.settings: Ignoring preference override of remote settings server
console.warn: services.settings: Allow by setting MOZ_REMOTE_SETTINGS_DEVTOOLS=1 in the environment
1676989683276	Marionette	INFO	Marionette enabled
Dynamically enable window occlusion 0
1676989683278	Marionette	INFO	Listening on port 49657
Read port: 49657
WebDriver BiDi listening on ws://127.0.0.1:49650
1676989683364	RemoteAgent	WARN	TLS certificate errors will be ignored for this session
console.warn: SearchSettings: "get: No settings file exists, new profile?" (new NotFoundError("Could not open the file at C:\\Users\\jonas\\AppData\\Local\\Temp\\rust_mozprofileFzfupO\\search.json.mozlz4", (void 0)))
DevTools listening on ws://127.0.0.1:49650/devtools/browser/6430d60a-51fb-48d6-b0c4-5139681cd289
1676990329392	Marionette	INFO	Stopped listening on port 49657
Dynamically enable window occlusion 1
ng command: "C:\\Program Files\\Mozilla Firefox\\firefox.exe" "--marionette" "--remote-debugging-port" "49704" "--remote-allow-hosts" "localhost" "-no-remote" "-profile" "C:\\Users\\jonas\\AppData\\Local\\Temp\\rust_mozprofileT8y24G"
console.warn: services.settings: Ignoring preference override of remote settings server
console.warn: services.settings: Allow by setting MOZ_REMOTE_SETTINGS_DEVTOOLS=1 in the environment
1676989720484	Marionette	INFO	Marionette enabled
Dynamically enable window occlusion 0
1676989720487	Marionette	INFO	Listening on port 49711
Read port: 49711
WebDriver BiDi listening on ws://127.0.0.1:49704
1676989720579	RemoteAgent	WARN	TLS certificate errors will be ignored for this session
console.warn: SearchSettings: "get: No settings file exists, new profile?" (new NotFoundError("Could not open the file at C:\\Users\\jonas\\AppData\\Local\\Temp\\rust_mozprofileT8y24G\\search.json.mozlz4", (void 0)))
DevTools listening on ws://127.0.0.1:49704/devtools/browser/7fa950ce-1955-4b0f-91ef-2fb2afc0c1a9
1676990330513	Marionette	INFO	Stopped listening on port 49711
Dynamically enable window occlusion 1
[Parent 16892, IPC I/O Parent] WARNING: DuplicateHandle failed for handle 0 in TransferHandles: file /builds/worker/checkouts/gecko/ipc/chromium/src/chrome/common/ipc_channel_win.cc:777
\\AppData\\Local\\Temp\\rust_mozprofileCtwE0z"
console.warn: services.settings: Ignoring preference override of remote settings server
console.warn: services.settings: Allow by setting MOZ_REMOTE_SETTINGS_DEVTOOLS=1 in the environment
1676989960122	Marionette	INFO	Marionette enabled
Dynamically enable window occlusion 0
1676989960124	Marionette	INFO	Listening on port 49845
Read port: 49845
WebDriver BiDi listening on ws://127.0.0.1:49838
1676989960225	RemoteAgent	WARN	TLS certificate errors will be ignored for this session
console.warn: SearchSettings: "get: No settings file exists, new profile?" (new NotFoundError("Could not open the file at C:\\Users\\jonas\\AppData\\Local\\Temp\\rust_mozprofileCtwE0z\\search.json.mozlz4", (void 0)))
DevTools listening on ws://127.0.0.1:49838/devtools/browser/ae1df10b-eced-4605-99e7-fee30eee9ba8
1676989980194	Marionette	INFO	Stopped listening on port 49845
Dynamically enable window occlusion 1
WARNING: A blocker encountered an error while we were waiting.
          Blocker:  Waiting for ping task
          Phase: TelemetryController: Waiting for pending ping activity
          State: (none)
WARNING: Error: Phase "profile-before-change" is finished, it is too late to register completion condition "OS.File: flush I/O queued before profileBeforeChange"
WARNING: addBlocker@resource://gre/modules/AsyncShutdown.sys.mjs:727:15
addBlocker@resource://gre/modules/AsyncShutdown.sys.mjs:523:26
addBlocker@resource://gre/modules/AsyncShutdown.sys.mjs:458:15
setupShutdown@resource://gre/modules/osfile/osfile_async_front.jsm:1548:28
@resource://gre/modules/osfile/osfile_async_front.jsm:1568:16
@resource://gre/modules/osfile.jsm:12:30
@resource://gre/modules/TelemetryStorage.sys.mjs:10:28
_checkPendingPings@resource://gre/modules/TelemetrySend.sys.mjs:863:17
setup@resource://gre/modules/TelemetrySend.sys.mjs:803:18
setup@resource://gre/modules/TelemetrySend.sys.mjs:241:30
setupTelemetry/this._delayedInitTask<@resource://gre/modules/TelemetryControllerParent.sys.mjs:829:36
observe@resource://gre/modules/AsyncShutdown.sys.mjs:576:16

WARNING: A blocker encountered an error while we were waiting.
          Blocker:  Waiting for ping task
          Phase: TelemetryController: Waiting for pending ping activity
          State: (none)
WARNING: Error: Phase "profile-before-change" is finished, it is too late to register completion condition "OS.File: flush I/O queued before profileBeforeChange"
WARNING: addBlocker@resource://gre/modules/AsyncShutdown.sys.mjs:727:15
addBlocker@resource://gre/modules/AsyncShutdown.sys.mjs:523:26
addBlocker@resource://gre/modules/AsyncShutdown.sys.mjs:458:15
setupShutdown@resource://gre/modules/osfile/osfile_async_front.jsm:1548:28
@resource://gre/modules/osfile/osfile_async_front.jsm:1568:16
@resource://gre/modules/osfile.jsm:12:30
@resource://gre/modules/TelemetryStorage.sys.mjs:10:28
_checkPendingPings@resource://gre/modules/TelemetrySend.sys.mjs:863:17
setup@resource://gre/modules/TelemetrySend.sys.mjs:803:18
setup@resource://gre/modules/TelemetrySend.sys.mjs:241:30
setupTelemetry/this._delayedInitTask<@resource://gre/modules/TelemetryControllerParent.sys.mjs:829:36
observe@resource://gre/modules/AsyncShutdown.sys.mjs:576:16

WARNING: A blocker encountered an error while we were waiting.
          Blocker:  Waiting for ping task
          Phase: TelemetryController: Waiting for pending ping activity
          State: (none)
WARNING: Error: Phase "profile-before-change" is finished, it is too late to register completion condition "OS.File: flush I/O queued before profileBeforeChange"
WARNING: addBlocker@resource://gre/modules/AsyncShutdown.sys.mjs:727:15
addBlocker@resource://gre/modules/AsyncShutdown.sys.mjs:523:26
addBlocker@resource://gre/modules/AsyncShutdown.sys.mjs:458:15
setupShutdown@resource://gre/modules/osfile/osfile_async_front.jsm:1548:28
@resource://gre/modules/osfile/osfile_async_front.jsm:1568:16
@resource://gre/modules/osfile.jsm:12:30
@resource://gre/modules/TelemetryStorage.sys.mjs:10:28
_checkPendingPings@resource://gre/modules/TelemetrySend.sys.mjs:863:17
setup@resource://gre/modules/TelemetrySend.sys.mjs:803:18
setup@resource://gre/modules/TelemetrySend.sys.mjs:241:30
setupTelemetry/this._delayedInitTask<@resource://gre/modules/TelemetryControllerParent.sys.mjs:829:36
observe@resource://gre/modules/AsyncShutdown.sys.mjs:576:16

WARNING: A blocker encountered an error while we were waiting.
          Blocker:  TelemetryController: shutting down
          Phase: profile-before-change-telemetry
          State: Error getting state: Error: Phase "profile-before-change" is finished, it is too late to register completion condition "OS.File: flush I/O queued before profileBeforeChange" at addBlocker@resource://gre/modules/AsyncShutdown.sys.mjs:727:15
addBlocker@resource://gre/modules/AsyncShutdown.sys.mjs:523:26
addBlocker@resource://gre/modules/AsyncShutdown.sys.mjs:458:15
setupShutdown@resource://gre/modules/osfile/osfile_async_front.jsm:1548:28
@resource://gre/modules/osfile/osfile_async_front.jsm:1568:16
@resource://gre/modules/osfile.jsm:12:30
@resource://gre/modules/TelemetryStorage.sys.mjs:10:28
_checkPendingPings@resource://gre/modules/TelemetrySend.sys.mjs:863:17
setup@resource://gre/modules/TelemetrySend.sys.mjs:803:18
setup@resource://gre/modules/TelemetrySend.sys.mjs:241:30
setupTelemetry/this._delayedInitTask<@resource://gre/modules/TelemetryControllerParent.sys.mjs:829:36
observe@resource://gre/modules/AsyncShutdown.sys.mjs:576:16

WARNING: Error: Phase "profile-before-change" is finished, it is too late to register completion condition "OS.File: flush I/O queued before profileBeforeChange"
WARNING: addBlocker@resource://gre/modules/AsyncShutdown.sys.mjs:727:15
addBlocker@resource://gre/modules/AsyncShutdown.sys.mjs:523:26
addBlocker@resource://gre/modules/AsyncShutdown.sys.mjs:458:15
setupShutdown@resource://gre/modules/osfile/osfile_async_front.jsm:1548:28
@resource://gre/modules/osfile/osfile_async_front.jsm:1568:16
@resource://gre/modules/osfile.jsm:12:30
@resource://gre/modules/TelemetryStorage.sys.mjs:10:28
_checkPendingPings@resource://gre/modules/TelemetrySend.sys.mjs:863:17
setup@resource://gre/modules/TelemetrySend.sys.mjs:803:18
setup@resource://gre/modules/TelemetrySend.sys.mjs:241:30
setupTelemetry/this._delayedInitTask<@resource://gre/modules/TelemetryControllerParent.sys.mjs:829:36
observe@resource://gre/modules/AsyncShutdown.sys.mjs:576:16

JavaScript error: resource://gre/modules/AsyncShutdown.sys.mjs, line 727: Error: Phase "profile-before-change" is finished, it is too late to register completion condition "OS.File: flush I/O queued before profileBeforeChange"
JavaScript error: resource://gre/modules/AsyncShutdown.sys.mjs, line 727: Error: Phase "profile-before-change" is finished, it is too late to register completion condition "OS.File: flush I/O queued before profileBeforeChange"
JavaScript error: resource://gre/modules/AsyncShutdown.sys.mjs, line 727: Error: Phase "profile-before-change" is finished, it is too late to register completion condition "OS.File: flush I/O queued before profileBeforeChange"
JavaScript error: resource://gre/modules/AsyncShutdown.sys.mjs, line 727: Error: Phase "profile-before-change" is finished, it is too late to register completion condition "OS.File: flush I/O queued before profileBeforeChange"
JavaScript error: resource://gre/modules/AsyncShutdown.sys.mjs, line 727: Error: Phase "profile-before-change" is finished, it is too late to register completion condition "OS.File: flush I/O queued before profileBeforeChange"
JavaScript error: resource://gre/modules/AsyncShutdown.sys.mjs, line 727: Error: Phase "profile-before-change" is finished, it is too late to register completion condition "OS.File: flush I/O queued before profileBeforeChange"
1676990129810	geckodriver	INFO	Listening on 127.0.0.1:50730
1676990132867	mozrunner::runner	INFO	Running command: "C:\\Program Files\\Mozilla Firefox\\firefox.exe" "--marionette" "--remote-debugging-port" "50731" "--remote-allow-hosts" "localhost" "-no-remote" "-profile" "C:\\Users\\jonas\\AppData\\Local\\Temp\\rust_mozprofiley04H2c"
console.warn: services.settings: Ignoring preference override of remote settings server
console.warn: services.settings: Allow by setting MOZ_REMOTE_SETTINGS_DEVTOOLS=1 in the environment
1676990133051	Marionette	INFO	Marionette enabled
Dynamically enable window occlusion 0
1676990133054	Marionette	INFO	Listening on port 50738
Read port: 50738
WebDriver BiDi listening on ws://127.0.0.1:50731
1676990133141	RemoteAgent	WARN	TLS certificate errors will be ignored for this session
console.warn: SearchSettings: "get: No settings file exists, new profile?" (new NotFoundError("Could not open the file at C:\\Users\\jonas\\AppData\\Local\\Temp\\rust_mozprofiley04H2c\\search.json.mozlz4", (void 0)))
DevTools listening on ws://127.0.0.1:50731/devtools/browser/18e85dea-49af-470a-acf5-016ceb6cddb2
1676990326978	Marionette	INFO	Stopped listening on port 50738
Dynamically enable window occlusion 1
ng command: "C:\\Program Files\\Mozilla Firefox\\firefox.exe" "--marionette" "--remote-debugging-port" "50808" "--remote-allow-hosts" "localhost" "-no-remote" "-profile" "C:\\Users\\jonas\\AppData\\Local\\Temp\\rust_mozprofileLxfhk0"
console.warn: services.settings: Ignoring preference override of remote settings server
console.warn: services.settings: Allow by setting MOZ_REMOTE_SETTINGS_DEVTOOLS=1 in the environment
1676990274929	Marionette	INFO	Marionette enabled
Dynamically enable window occlusion 0
1676990274932	Marionette	INFO	Listening on port 50818
Read port: 50818
WebDriver BiDi listening on ws://127.0.0.1:50808
1676990275102	RemoteAgent	WARN	TLS certificate errors will be ignored for this session
console.warn: SearchSettings: "get: No settings file exists, new profile?" (new NotFoundError("Could not open the file at C:\\Users\\jonas\\AppData\\Local\\Temp\\rust_mozprofileLxfhk0\\search.json.mozlz4", (void 0)))
DevTools listening on ws://127.0.0.1:50808/devtools/browser/bab9b796-c46d-4851-a665-77a57ddd6601
JavaScript error: resource://gre/modules/AsyncShutdown.sys.mjs, line 576: NotFoundError: No such JSWindowActor 'DevToolsFrame'
1676990315763	Marionette	INFO	Stopped listening on port 50818
Dynamically enable window occlusion 1
WARNING: A blocker encountered an error while we were waiting.
          Blocker:  Waiting for ping task
          Phase: TelemetryController: Waiting for pending ping activity
          State: (none)
WARNING: Error: Phase "profile-before-change" is finished, it is too late to register completion condition "OS.File: flush I/O queued before profileBeforeChange"
WARNING: addBlocker@resource://gre/modules/AsyncShutdown.sys.mjs:727:15
addBlocker@resource://gre/modules/AsyncShutdown.sys.mjs:523:26
addBlocker@resource://gre/modules/AsyncShutdown.sys.mjs:458:15
setupShutdown@resource://gre/modules/osfile/osfile_async_front.jsm:1548:28
@resource://gre/modules/osfile/osfile_async_front.jsm:1568:16
@resource://gre/modules/osfile.jsm:12:30
@resource://gre/modules/TelemetryStorage.sys.mjs:10:28
_checkPendingPings@resource://gre/modules/TelemetrySend.sys.mjs:863:17
setup@resource://gre/modules/TelemetrySend.sys.mjs:803:18
setup@resource://gre/modules/TelemetrySend.sys.mjs:241:30
setupTelemetry/this._delayedInitTask<@resource://gre/modules/TelemetryControllerParent.sys.mjs:829:36
observe@resource://gre/modules/AsyncShutdown.sys.mjs:576:16

WARNING: A blocker encountered an error while we were waiting.
          Blocker:  Waiting for ping task
          Phase: TelemetryController: Waiting for pending ping activity
          State: (none)
WARNING: Error: Phase "profile-before-change" is finished, it is too late to register completion condition "OS.File: flush I/O queued before profileBeforeChange"
WARNING: addBlocker@resource://gre/modules/AsyncShutdown.sys.mjs:727:15
addBlocker@resource://gre/modules/AsyncShutdown.sys.mjs:523:26
addBlocker@resource://gre/modules/AsyncShutdown.sys.mjs:458:15
setupShutdown@resource://gre/modules/osfile/osfile_async_front.jsm:1548:28
@resource://gre/modules/osfile/osfile_async_front.jsm:1568:16
@resource://gre/modules/osfile.jsm:12:30
@resource://gre/modules/TelemetryStorage.sys.mjs:10:28
_checkPendingPings@resource://gre/modules/TelemetrySend.sys.mjs:863:17
setup@resource://gre/modules/TelemetrySend.sys.mjs:803:18
setup@resource://gre/modules/TelemetrySend.sys.mjs:241:30
setupTelemetry/this._delayedInitTask<@resource://gre/modules/TelemetryControllerParent.sys.mjs:829:36
observe@resource://gre/modules/AsyncShutdown.sys.mjs:576:16

WARNING: A blocker encountered an error while we were waiting.
          Blocker:  Waiting for ping task
          Phase: TelemetryController: Waiting for pending ping activity
          State: (none)
WARNING: Error: Phase "profile-before-change" is finished, it is too late to register completion condition "OS.File: flush I/O queued before profileBeforeChange"
WARNING: addBlocker@resource://gre/modules/AsyncShutdown.sys.mjs:727:15
addBlocker@resource://gre/modules/AsyncShutdown.sys.mjs:523:26
addBlocker@resource://gre/modules/AsyncShutdown.sys.mjs:458:15
setupShutdown@resource://gre/modules/osfile/osfile_async_front.jsm:1548:28
@resource://gre/modules/osfile/osfile_async_front.jsm:1568:16
@resource://gre/modules/osfile.jsm:12:30
@resource://gre/modules/TelemetryStorage.sys.mjs:10:28
_checkPendingPings@resource://gre/modules/TelemetrySend.sys.mjs:863:17
setup@resource://gre/modules/TelemetrySend.sys.mjs:803:18
setup@resource://gre/modules/TelemetrySend.sys.mjs:241:30
setupTelemetry/this._delayedInitTask<@resource://gre/modules/TelemetryControllerParent.sys.mjs:829:36
observe@resource://gre/modules/AsyncShutdown.sys.mjs:576:16

WARNING: A blocker encountered an error while we were waiting.
          Blocker:  TelemetryController: shutting down
          Phase: profile-before-change-telemetry
          State: Error getting state: Error: Phase "profile-before-change" is finished, it is too late to register completion condition "OS.File: flush I/O queued before profileBeforeChange" at addBlocker@resource://gre/modules/AsyncShutdown.sys.mjs:727:15
addBlocker@resource://gre/modules/AsyncShutdown.sys.mjs:523:26
addBlocker@resource://gre/modules/AsyncShutdown.sys.mjs:458:15
setupShutdown@resource://gre/modules/osfile/osfile_async_front.jsm:1548:28
@resource://gre/modules/osfile/osfile_async_front.jsm:1568:16
@resource://gre/modules/osfile.jsm:12:30
@resource://gre/modules/TelemetryStorage.sys.mjs:10:28
_checkPendingPings@resource://gre/modules/TelemetrySend.sys.mjs:863:17
setup@resource://gre/modules/TelemetrySend.sys.mjs:803:18
setup@resource://gre/modules/TelemetrySend.sys.mjs:241:30
setupTelemetry/this._delayedInitTask<@resource://gre/modules/TelemetryControllerParent.sys.mjs:829:36
observe@resource://gre/modules/AsyncShutdown.sys.mjs:576:16

WARNING: Error: Phase "profile-before-change" is finished, it is too late to register completion condition "OS.File: flush I/O queued before profileBeforeChange"
WARNING: addBlocker@resource://gre/modules/AsyncShutdown.sys.mjs:727:15
addBlocker@resource://gre/modules/AsyncShutdown.sys.mjs:523:26
addBlocker@resource://gre/modules/AsyncShutdown.sys.mjs:458:15
setupShutdown@resource://gre/modules/osfile/osfile_async_front.jsm:1548:28
@resource://gre/modules/osfile/osfile_async_front.jsm:1568:16
@resource://gre/modules/osfile.jsm:12:30
@resource://gre/modules/TelemetryStorage.sys.mjs:10:28
_checkPendingPings@resource://gre/modules/TelemetrySend.sys.mjs:863:17
setup@resource://gre/modules/TelemetrySend.sys.mjs:803:18
setup@resource://gre/modules/TelemetrySend.sys.mjs:241:30
setupTelemetry/this._delayedInitTask<@resource://gre/modules/TelemetryControllerParent.sys.mjs:829:36
observe@resource://gre/modules/AsyncShutdown.sys.mjs:576:16

JavaScript error: resource://gre/modules/AsyncShutdown.sys.mjs, line 727: Error: Phase "profile-before-change" is finished, it is too late to register completion condition "OS.File: flush I/O queued before profileBeforeChange"
JavaScript error: resource://gre/modules/AsyncShutdown.sys.mjs, line 727: Error: Phase "profile-before-change" is finished, it is too late to register completion condition "OS.File: flush I/O queued before profileBeforeChange"
JavaScript error: resource://gre/modules/AsyncShutdown.sys.mjs, line 727: Error: Phase "profile-before-change" is finished, it is too late to register completion condition "OS.File: flush I/O queued before profileBeforeChange"
JavaScript error: resource://gre/modules/AsyncShutdown.sys.mjs, line 727: Error: Phase "profile-before-change" is finished, it is too late to register completion condition "OS.File: flush I/O queued before profileBeforeChange"
JavaScript error: resource://gre/modules/AsyncShutdown.sys.mjs, line 727: Error: Phase "profile-before-change" is finished, it is too late to register completion condition "OS.File: flush I/O queued before profileBeforeChange"
JavaScript error: resource://gre/modules/AsyncShutdown.sys.mjs, line 727: Error: Phase "profile-before-change" is finished, it is too late to register completion condition "OS.File: flush I/O queued before profileBeforeChange"
1676990332017	geckodriver	INFO	Listening on 127.0.0.1:50877
1676990335067	mozrunner::runner	INFO	Running command: "C:\\Program Files\\Mozilla Firefox\\firefox.exe" "--marionette" "--remote-debugging-port" "50878" "--remote-allow-hosts" "localhost" "-no-remote" "-profile" "C:\\Users\\jonas\\AppData\\Local\\Temp\\rust_mozprofilechgrZc"
console.warn: services.settings: Ignoring preference override of remote settings server
console.warn: services.settings: Allow by setting MOZ_REMOTE_SETTINGS_DEVTOOLS=1 in the environment
1676990335263	Marionette	INFO	Marionette enabled
Dynamically enable window occlusion 0
1676990335266	Marionette	INFO	Listening on port 50885
Read port: 50885
WebDriver BiDi listening on ws://127.0.0.1:50878
1676990335355	RemoteAgent	WARN	TLS certificate errors will be ignored for this session
console.warn: SearchSettings: "get: No settings file exists, new profile?" (new NotFoundError("Could not open the file at C:\\Users\\jonas\\AppData\\Local\\Temp\\rust_mozprofilechgrZc\\search.json.mozlz4", (void 0)))
DevTools listening on ws://127.0.0.1:50878/devtools/browser/6b7666c4-cd12-4989-adad-4f73d5a42632
1676990460987	Marionette	INFO	Stopped listening on port 50885
Dynamically enable window occlusion 1
1676990462260	geckodriver	INFO	Listening on 127.0.0.1:50974
1676990465353	mozrunner::runner	INFO	Running command: "C:\\Program Files\\Mozilla Firefox\\firefox.exe" "--marionette" "--remote-debugging-port" "50975" "--remote-allow-hosts" "localhost" "-no-remote" "-profile" "C:\\Users\\jonas\\AppData\\Local\\Temp\\rust_mozprofileliVQdE"
console.warn: services.settings: Ignoring preference override of remote settings server
console.warn: services.settings: Allow by setting MOZ_REMOTE_SETTINGS_DEVTOOLS=1 in the environment
1676990465555	Marionette	INFO	Marionette enabled
Dynamically enable window occlusion 0
1676990465558	Marionette	INFO	Listening on port 50982
Read port: 50982
WebDriver BiDi listening on ws://127.0.0.1:50975
1676990465653	RemoteAgent	WARN	TLS certificate errors will be ignored for this session
console.warn: SearchSettings: "get: No settings file exists, new profile?" (new NotFoundError("Could not open the file at C:\\Users\\jonas\\AppData\\Local\\Temp\\rust_mozprofileliVQdE\\search.json.mozlz4", (void 0)))
DevTools listening on ws://127.0.0.1:50975/devtools/browser/5c749dd5-0749-4a29-9ec6-9473d6008540
1676990673338	Marionette	INFO	Stopped listening on port 50982
Dynamically enable window occlusion 1
ng command: "C:\\Program Files\\Mozilla Firefox\\firefox.exe" "--marionette" "-headless" "--remote-debugging-port" "51056" "--remote-allow-hosts" "localhost" "-no-remote" "-profile" "C:\\Users\\jonas\\AppData\\Local\\Temp\\rust_mozprofilePZfdWU"
*** You are running in headless mode.
console.warn: services.settings: Ignoring preference override of remote settings server
console.warn: services.settings: Allow by setting MOZ_REMOTE_SETTINGS_DEVTOOLS=1 in the environment
1676990622264	Marionette	INFO	Marionette enabled
Dynamically enable window occlusion 0
1676990622268	Marionette	INFO	Listening on port 51063
Read port: 51063
WebDriver BiDi listening on ws://127.0.0.1:51056
1676990622341	RemoteAgent	WARN	TLS certificate errors will be ignored for this session
[GFX1-]: RenderCompositorSWGL failed mapping default framebuffer, no dt
console.warn: SearchSettings: "get: No settings file exists, new profile?" (new NotFoundError("Could not open the file at C:\\Users\\jonas\\AppData\\Local\\Temp\\rust_mozprofilePZfdWU\\search.json.mozlz4", (void 0)))
console.error: ({})
DevTools listening on ws://127.0.0.1:51056/devtools/browser/fb7579d4-1dc2-4f66-bea8-77ce2e7e51e1
1676990869142	geckodriver	INFO	Listening on 127.0.0.1:51155
1676990872218	mozrunner::runner	INFO	Running command: "C:\\Program Files\\Mozilla Firefox\\firefox.exe" "--marionette" "--remote-debugging-port" "51156" "--remote-allow-hosts" "localhost" "-no-remote" "-profile" "C:\\Users\\jonas\\AppData\\Local\\Temp\\rust_mozprofileSgMpe3"
console.warn: services.settings: Ignoring preference override of remote settings server
console.warn: services.settings: Allow by setting MOZ_REMOTE_SETTINGS_DEVTOOLS=1 in the environment
1676990872405	Marionette	INFO	Marionette enabled
Dynamically enable window occlusion 0
1676990872408	Marionette	INFO	Listening on port 51165
Read port: 51165
WebDriver BiDi listening on ws://127.0.0.1:51156
1676990872497	RemoteAgent	WARN	TLS certificate errors will be ignored for this session
console.warn: SearchSettings: "get: No settings file exists, new profile?" (new NotFoundError("Could not open the file at C:\\Users\\jonas\\AppData\\Local\\Temp\\rust_mozprofileSgMpe3\\search.json.mozlz4", (void 0)))
DevTools listening on ws://127.0.0.1:51156/devtools/browser/0e86dbfe-fa8e-499c-a455-d32aa8a9f166
JavaScript error: resource://gre/modules/AsyncShutdown.sys.mjs, line 576: NotFoundError: No such JSWindowActor 'DevToolsFrame'
1676991068577	Marionette	INFO	Stopped listening on port 51165
Dynamically enable window occlusion 1
1676991112445	geckodriver	INFO	Listening on 127.0.0.1:51307
1676991115495	mozrunner::runner	INFO	Running command: "C:\\Program Files\\Mozilla Firefox\\firefox.exe" "--marionette" "download.default_directory=g:\\Dokumente\\ ... 8" "--remote-allow-hosts" "localhost" "-no-remote" "-profile" "C:\\Users\\jonas\\AppData\\Local\\Temp\\rust_mozprofileEidbyU"
console.warn: services.settings: Ignoring preference override of remote settings server
console.warn: services.settings: Allow by setting MOZ_REMOTE_SETTINGS_DEVTOOLS=1 in the environment
1676991115707	Marionette	INFO	Marionette enabled
Dynamically enable window occlusion 0
1676991115710	Marionette	INFO	Listening on port 51315
WebDriver BiDi listening on ws://127.0.0.1:51308
Read port: 51315
1676991115903	RemoteAgent	WARN	TLS certificate errors will be ignored for this session
console.warn: SearchSettings: "get: No settings file exists, new profile?" (new NotFoundError("Could not open the file at C:\\Users\\jonas\\AppData\\Local\\Temp\\rust_mozprofileEidbyU\\search.json.mozlz4", (void 0)))
DevTools listening on ws://127.0.0.1:51308/devtools/browser/7364c076-14a7-40db-837f-8dc9ecaaf485
1676991211581	Marionette	INFO	Stopped listening on port 51315
Dynamically enable window occlusion 1
ng command: "C:\\Program Files\\Mozilla Firefox\\firefox.exe" "--marionette" "download.default_directory=g:\\Dokumente\\ ... 7" "--remote-allow-hosts" "localhost" "-no-remote" "-profile" "C:\\Users\\jonas\\AppData\\Local\\Temp\\rust_mozprofiley1i99f"
console.warn: services.settings: Ignoring preference override of remote settings server
console.warn: services.settings: Allow by setting MOZ_REMOTE_SETTINGS_DEVTOOLS=1 in the environment
1676991208994	Marionette	INFO	Marionette enabled
Dynamically enable window occlusion 0
1676991208997	Marionette	INFO	Listening on port 51404
Read port: 51404
WebDriver BiDi listening on ws://127.0.0.1:51397
1676991209097	RemoteAgent	WARN	TLS certificate errors will be ignored for this session
console.warn: SearchSettings: "get: No settings file exists, new profile?" (new NotFoundError("Could not open the file at C:\\Users\\jonas\\AppData\\Local\\Temp\\rust_mozprofiley1i99f\\search.json.mozlz4", (void 0)))
DevTools listening on ws://127.0.0.1:51397/devtools/browser/3fb399c6-ed42-42c4-b0c4-84897577e046
1676991304586	Marionette	INFO	Stopped listening on port 51404
Dynamically enable window occlusion 1
1676991522590	geckodriver	INFO	Listening on 127.0.0.1:51540
1676991525644	mozrunner::runner	INFO	Running command: "C:\\Program Files\\Mozilla Firefox\\firefox.exe" "--marionette" "--remote-debugging-port" "51541" "--remote-allow-hosts" "localhost" "-no-remote" "-profile" "C:\\Users\\jonas\\AppData\\Local\\Temp\\rust_mozprofilehWos7h"
console.warn: services.settings: Ignoring preference override of remote settings server
console.warn: services.settings: Allow by setting MOZ_REMOTE_SETTINGS_DEVTOOLS=1 in the environment
1676991525873	Marionette	INFO	Marionette enabled
Dynamically enable window occlusion 0
1676991525876	Marionette	INFO	Listening on port 51551
WebDriver BiDi listening on ws://127.0.0.1:51541
Read port: 51551
1676991526068	RemoteAgent	WARN	TLS certificate errors will be ignored for this session
console.warn: SearchSettings: "get: No settings file exists, new profile?" (new NotFoundError("Could not open the file at C:\\Users\\jonas\\AppData\\Local\\Temp\\rust_mozprofilehWos7h\\search.json.mozlz4", (void 0)))
DevTools listening on ws://127.0.0.1:51541/devtools/browser/da44bdb8-e3ca-4fb3-a2cf-565b90961575
1676991711448	geckodriver	INFO	Listening on 127.0.0.1:51651
1676991714508	mozrunner::runner	INFO	Running command: "C:\\Program Files\\Mozilla Firefox\\firefox.exe" "--marionette" "--remote-debugging-port" "51652" "--remote-allow-hosts" "localhost" "-no-remote" "-profile" "C:\\Users\\jonas\\AppData\\Local\\Temp\\rust_mozprofilev3YAB2"
console.warn: services.settings: Ignoring preference override of remote settings server
console.warn: services.settings: Allow by setting MOZ_REMOTE_SETTINGS_DEVTOOLS=1 in the environment
1676991714710	Marionette	INFO	Marionette enabled
Dynamically enable window occlusion 0
1676991714714	Marionette	INFO	Listening on port 51660
Read port: 51660
WebDriver BiDi listening on ws://127.0.0.1:51652
1676991714812	RemoteAgent	WARN	TLS certificate errors will be ignored for this session
console.warn: SearchSettings: "get: No settings file exists, new profile?" (new NotFoundError("Could not open the file at C:\\Users\\jonas\\AppData\\Local\\Temp\\rust_mozprofilev3YAB2\\search.json.mozlz4", (void 0)))
DevTools listening on ws://127.0.0.1:51652/devtools/browser/33e99a23-e67c-4267-9a68-5d0dd8f3ca28
1676991837395	geckodriver	INFO	Listening on 127.0.0.1:51741
1676991840449	mozrunner::runner	INFO	Running command: "C:\\Program Files\\Mozilla Firefox\\firefox.exe" "--marionette" "--remote-debugging-port" "51742" "--remote-allow-hosts" "localhost" "-no-remote" "-profile" "C:\\Users\\jonas\\AppData\\Local\\Temp\\rust_mozprofileVk21zl"
console.warn: services.settings: Ignoring preference override of remote settings server
console.warn: services.settings: Allow by setting MOZ_REMOTE_SETTINGS_DEVTOOLS=1 in the environment
1676991840657	Marionette	INFO	Marionette enabled
Dynamically enable window occlusion 0
1676991840660	Marionette	INFO	Listening on port 51749
Read port: 51749
WebDriver BiDi listening on ws://127.0.0.1:51742
1676991840748	RemoteAgent	WARN	TLS certificate errors will be ignored for this session
console.warn: SearchSettings: "get: No settings file exists, new profile?" (new NotFoundError("Could not open the file at C:\\Users\\jonas\\AppData\\Local\\Temp\\rust_mozprofileVk21zl\\search.json.mozlz4", (void 0)))
DevTools listening on ws://127.0.0.1:51742/devtools/browser/66dbd48c-6117-44f7-a9ef-e75097e24a77
1676991868466	geckodriver	INFO	Listening on 127.0.0.1:51784
1676991871509	mozrunner::runner	INFO	Running command: "C:\\Program Files\\Mozilla Firefox\\firefox.exe" "--marionette" "--remote-debugging-port" "51785" "--remote-allow-hosts" "localhost" "-no-remote" "-profile" "C:\\Users\\jonas\\AppData\\Local\\Temp\\rust_mozprofileSYGJsR"
console.warn: services.settings: Ignoring preference override of remote settings server
console.warn: services.settings: Allow by setting MOZ_REMOTE_SETTINGS_DEVTOOLS=1 in the environment
1676991871705	Marionette	INFO	Marionette enabled
Dynamically enable window occlusion 0
1676991871708	Marionette	INFO	Listening on port 51792
Read port: 51792
WebDriver BiDi listening on ws://127.0.0.1:51785
1676991871819	RemoteAgent	WARN	TLS certificate errors will be ignored for this session
console.warn: SearchSettings: "get: No settings file exists, new profile?" (new NotFoundError("Could not open the file at C:\\Users\\jonas\\AppData\\Local\\Temp\\rust_mozprofileSYGJsR\\search.json.mozlz4", (void 0)))
DevTools listening on ws://127.0.0.1:51785/devtools/browser/dd489b3b-bfcc-497a-afa4-fd35821514bd
1676991939901	Marionette	INFO	Stopped listening on port 51792
Dynamically enable window occlusion 1
1676991994242	geckodriver	INFO	Listening on 127.0.0.1:51875
1676991997284	mozrunner::runner	INFO	Running command: "C:\\Program Files\\Mozilla Firefox\\firefox.exe" "--marionette" "--remote-debugging-port" "51876" "--remote-allow-hosts" "localhost" "-no-remote" "-profile" "C:\\Users\\jonas\\AppData\\Local\\Temp\\rust_mozprofileRVQsdK"
console.warn: services.settings: Ignoring preference override of remote settings server
console.warn: services.settings: Allow by setting MOZ_REMOTE_SETTINGS_DEVTOOLS=1 in the environment
1676991997468	Marionette	INFO	Marionette enabled
Dynamically enable window occlusion 0
1676991997470	Marionette	INFO	Listening on port 51884
Read port: 51884
WebDriver BiDi listening on ws://127.0.0.1:51876
1676991997552	RemoteAgent	WARN	TLS certificate errors will be ignored for this session
console.warn: SearchSettings: "get: No settings file exists, new profile?" (new NotFoundError("Could not open the file at C:\\Users\\jonas\\AppData\\Local\\Temp\\rust_mozprofileRVQsdK\\search.json.mozlz4", (void 0)))
DevTools listening on ws://127.0.0.1:51876/devtools/browser/b293269a-2d8d-4c61-8f62-c8f83eb5672f
console.error: ({})
1676992094501	geckodriver	INFO	Listening on 127.0.0.1:51959
1676992097537	mozrunner::runner	INFO	Running command: "C:\\Program Files\\Mozilla Firefox\\firefox.exe" "--marionette" "--remote-debugging-port" "51960" "--remote-allow-hosts" "localhost" "-no-remote" "-profile" "C:\\Users\\jonas\\AppData\\Local\\Temp\\rust_mozprofilecXermO"
console.warn: services.settings: Ignoring preference override of remote settings server
console.warn: services.settings: Allow by setting MOZ_REMOTE_SETTINGS_DEVTOOLS=1 in the environment
1676992097740	Marionette	INFO	Marionette enabled
Dynamically enable window occlusion 0
1676992097742	Marionette	INFO	Listening on port 51971
Read port: 51971
WebDriver BiDi listening on ws://127.0.0.1:51960
1676992097829	RemoteAgent	WARN	TLS certificate errors will be ignored for this session
1676992149853	geckodriver	INFO	Listening on 127.0.0.1:52000
1676992152919	mozrunner::runner	INFO	Running command: "C:\\Program Files\\Mozilla Firefox\\firefox.exe" "--marionette" "--remote-debugging-port" "52001" "--remote-allow-hosts" "localhost" "-no-remote" "-profile" "C:\\Users\\jonas\\AppData\\Local\\Temp\\rust_mozprofilefC4bzD"
console.warn: services.settings: Ignoring preference override of remote settings server
console.warn: services.settings: Allow by setting MOZ_REMOTE_SETTINGS_DEVTOOLS=1 in the environment
1676992153110	Marionette	INFO	Marionette enabled
Dynamically enable window occlusion 0
1676992153113	Marionette	INFO	Listening on port 52009
Read port: 52009
WebDriver BiDi listening on ws://127.0.0.1:52001
1676992153202	RemoteAgent	WARN	TLS certificate errors will be ignored for this session
console.warn: SearchSettings: "get: No settings file exists, new profile?" (new NotFoundError("Could not open the file at C:\\Users\\jonas\\AppData\\Local\\Temp\\rust_mozprofilefC4bzD\\search.json.mozlz4", (void 0)))
DevTools listening on ws://127.0.0.1:52001/devtools/browser/f6eb58cf-2a9b-41c1-8169-b76f22bbfdb0
1676992424229	Marionette	INFO	Stopped listening on port 52009
Dynamically enable window occlusion 1
[Parent 8000, IPC I/O Parent] WARNING: DuplicateHandle failed for handle 0 in TransferHandles: file /builds/worker/checkouts/gecko/ipc/chromium/src/chrome/common/ipc_channel_win.cc:777
s\\AppData\\Local\\Temp\\rust_mozprofileZ6bGJ2"
console.warn: services.settings: Ignoring preference override of remote settings server
console.warn: services.settings: Allow by setting MOZ_REMOTE_SETTINGS_DEVTOOLS=1 in the environment
1676992238397	Marionette	INFO	Marionette enabled
Dynamically enable window occlusion 0
1676992238400	Marionette	INFO	Listening on port 54423
Read port: 54423
WebDriver BiDi listening on ws://127.0.0.1:54416
1676992238483	RemoteAgent	WARN	TLS certificate errors will be ignored for this session
console.warn: SearchSettings: "get: No settings file exists, new profile?" (new NotFoundError("Could not open the file at C:\\Users\\jonas\\AppData\\Local\\Temp\\rust_mozprofileZ6bGJ2\\search.json.mozlz4", (void 0)))
DevTools listening on ws://127.0.0.1:54416/devtools/browser/4b70a79d-dc87-4690-8e27-895fed62a1f4
1676992427046	Marionette	INFO	Stopped listening on port 54423
Dynamically enable window occlusion 1
ng command: "C:\\Program Files\\Mozilla Firefox\\firefox.exe" "--marionette" "-headless" "--remote-debugging-port" "54549" "--remote-allow-hosts" "localhost" "-no-remote" "-profile" "C:\\Users\\jonas\\AppData\\Local\\Temp\\rust_mozprofileFQHf5M"
*** You are running in headless mode.
console.warn: services.settings: Ignoring preference override of remote settings server
console.warn: services.settings: Allow by setting MOZ_REMOTE_SETTINGS_DEVTOOLS=1 in the environment
1676992396135	Marionette	INFO	Marionette enabled
Dynamically enable window occlusion 0
1676992396138	Marionette	INFO	Listening on port 54556
Read port: 54556
WebDriver BiDi listening on ws://127.0.0.1:54549
1676992396202	RemoteAgent	WARN	TLS certificate errors will be ignored for this session
[GFX1-]: RenderCompositorSWGL failed mapping default framebuffer, no dt
console.warn: SearchSettings: "get: No settings file exists, new profile?" (new NotFoundError("Could not open the file at C:\\Users\\jonas\\AppData\\Local\\Temp\\rust_mozprofileFQHf5M\\search.json.mozlz4", (void 0)))
console.error: ({})
DevTools listening on ws://127.0.0.1:54549/devtools/browser/1252eb76-7b4c-4a1c-9ca3-660eeef7e855
1676992652378	geckodriver	INFO	Listening on 127.0.0.1:54753
1676992655438	mozrunner::runner	INFO	Running command: "C:\\Program Files\\Mozilla Firefox\\firefox.exe" "--marionette" "-headless" "--remote-debugging-port" "54754" "--remote-allow-hosts" "localhost" "-no-remote" "-profile" "C:\\Users\\jonas\\AppData\\Local\\Temp\\rust_mozprofilesHr1IG"
*** You are running in headless mode.
console.warn: services.settings: Ignoring preference override of remote settings server
console.warn: services.settings: Allow by setting MOZ_REMOTE_SETTINGS_DEVTOOLS=1 in the environment
1676992655652	Marionette	INFO	Marionette enabled
Dynamically enable window occlusion 0
1676992655658	Marionette	INFO	Listening on port 54761
Read port: 54761
WebDriver BiDi listening on ws://127.0.0.1:54754
1676992655745	RemoteAgent	WARN	TLS certificate errors will be ignored for this session
[GFX1-]: RenderCompositorSWGL failed mapping default framebuffer, no dt
console.warn: SearchSettings: "get: No settings file exists, new profile?" (new NotFoundError("Could not open the file at C:\\Users\\jonas\\AppData\\Local\\Temp\\rust_mozprofilesHr1IG\\search.json.mozlz4", (void 0)))
console.error: ({})
DevTools listening on ws://127.0.0.1:54754/devtools/browser/7b21bd83-e9d3-43ec-ae18-1b8c3efee59e
JavaScript error: , line 0: NS_ERROR_NOT_AVAILABLE
1676993598048	geckodriver	INFO	Listening on 127.0.0.1:55497
1676993601075	mozrunner::runner	INFO	Running command: "C:\\Program Files\\Mozilla Firefox\\firefox.exe" "--marionette" "-headless" "--remote-debugging-port" "55498" "--remote-allow-hosts" "localhost" "-no-remote" "-profile" "C:\\Users\\jonas\\AppData\\Local\\Temp\\rust_mozprofile1LUKTn"
*** You are running in headless mode.
console.warn: services.settings: Ignoring preference override of remote settings server
console.warn: services.settings: Allow by setting MOZ_REMOTE_SETTINGS_DEVTOOLS=1 in the environment
1676993601273	Marionette	INFO	Marionette enabled
Dynamically enable window occlusion 0
1676993601276	Marionette	INFO	Listening on port 55505
Read port: 55505
WebDriver BiDi listening on ws://127.0.0.1:55498
1676993601339	RemoteAgent	WARN	TLS certificate errors will be ignored for this session
[GFX1-]: RenderCompositorSWGL failed mapping default framebuffer, no dt
console.warn: SearchSettings: "get: No settings file exists, new profile?" (new NotFoundError("Could not open the file at C:\\Users\\jonas\\AppData\\Local\\Temp\\rust_mozprofile1LUKTn\\search.json.mozlz4", (void 0)))
console.error: ({})
DevTools listening on ws://127.0.0.1:55498/devtools/browser/caaf836a-578e-4f60-8c8d-b1b99064ad65
1676993667143	geckodriver	INFO	Listening on 127.0.0.1:55576
1676993670197	mozrunner::runner	INFO	Running command: "C:\\Program Files\\Mozilla Firefox\\firefox.exe" "--marionette" "-headless" "--remote-debugging-port" "55577" "--remote-allow-hosts" "localhost" "-no-remote" "-profile" "C:\\Users\\jonas\\AppData\\Local\\Temp\\rust_mozprofileXSjxy5"
*** You are running in headless mode.
console.warn: services.settings: Ignoring preference override of remote settings server
console.warn: services.settings: Allow by setting MOZ_REMOTE_SETTINGS_DEVTOOLS=1 in the environment
1676993670389	Marionette	INFO	Marionette enabled
Dynamically enable window occlusion 0
1676993670392	Marionette	INFO	Listening on port 55585
Read port: 55585
WebDriver BiDi listening on ws://127.0.0.1:55577
1676993670457	RemoteAgent	WARN	TLS certificate errors will be ignored for this session
[GFX1-]: RenderCompositorSWGL failed mapping default framebuffer, no dt
console.warn: SearchSettings: "get: No settings file exists, new profile?" (new NotFoundError("Could not open the file at C:\\Users\\jonas\\AppData\\Local\\Temp\\rust_mozprofileXSjxy5\\search.json.mozlz4", (void 0)))
console.error: ({})
DevTools listening on ws://127.0.0.1:55577/devtools/browser/4725e38e-f39d-41fd-b229-57f509950374
1676993802293	geckodriver	INFO	Listening on 127.0.0.1:55687
1676993805367	mozrunner::runner	INFO	Running command: "C:\\Program Files\\Mozilla Firefox\\firefox.exe" "--marionette" "-headless" "--window-size=1920,1080" "--di ... 8" "--remote-allow-hosts" "localhost" "-no-remote" "-profile" "C:\\Users\\jonas\\AppData\\Local\\Temp\\rust_mozprofileTP6gRG"
*** You are running in headless mode.
console.warn: services.settings: Ignoring preference override of remote settings server
console.warn: services.settings: Allow by setting MOZ_REMOTE_SETTINGS_DEVTOOLS=1 in the environment
1676993805591	Marionette	INFO	Marionette enabled
Dynamically enable window occlusion 0
1676993805594	Marionette	INFO	Listening on port 55697
console.error: "Warning: unrecognized command line flag -window-size\n"
console.error: "Warning: unrecognized command line flag -disable-gpu\n"
WebDriver BiDi listening on ws://127.0.0.1:55688
Read port: 55697
1676993805782	RemoteAgent	WARN	TLS certificate errors will be ignored for this session
[GFX1-]: RenderCompositorSWGL failed mapping default framebuffer, no dt
console.warn: SearchSettings: "get: No settings file exists, new profile?" (new NotFoundError("Could not open the file at C:\\Users\\jonas\\AppData\\Local\\Temp\\rust_mozprofileTP6gRG\\search.json.mozlz4", (void 0)))
console.error: ({})
DevTools listening on ws://127.0.0.1:55688/devtools/browser/dc519c0b-44cc-4846-8218-258a94b2a772
1676993828344	geckodriver	INFO	Listening on 127.0.0.1:55743
1676993831385	mozrunner::runner	INFO	Running command: "C:\\Program Files\\Mozilla Firefox\\firefox.exe" "--marionette" "--headless" "--window-size=1920,1080" "--d ... 4" "--remote-allow-hosts" "localhost" "-no-remote" "-profile" "C:\\Users\\jonas\\AppData\\Local\\Temp\\rust_mozprofile5vnb26"
*** You are running in headless mode.
console.warn: services.settings: Ignoring preference override of remote settings server
console.warn: services.settings: Allow by setting MOZ_REMOTE_SETTINGS_DEVTOOLS=1 in the environment
1676993831573	Marionette	INFO	Marionette enabled
Dynamically enable window occlusion 0
1676993831576	Marionette	INFO	Listening on port 55751
console.error: "Warning: unrecognized command line flag -window-size\n"
console.error: "Warning: unrecognized command line flag -disable-gpu\n"
Read port: 55751
WebDriver BiDi listening on ws://127.0.0.1:55744
1676993831640	RemoteAgent	WARN	TLS certificate errors will be ignored for this session
[GFX1-]: RenderCompositorSWGL failed mapping default framebuffer, no dt
console.warn: SearchSettings: "get: No settings file exists, new profile?" (new NotFoundError("Could not open the file at C:\\Users\\jonas\\AppData\\Local\\Temp\\rust_mozprofile5vnb26\\search.json.mozlz4", (void 0)))
console.error: ({})
DevTools listening on ws://127.0.0.1:55744/devtools/browser/986738f1-24c2-47c7-bd3d-b0688729d0fb
1676994024501	geckodriver	INFO	Listening on 127.0.0.1:55994
1676994027543	mozrunner::runner	INFO	Running command: "C:\\Program Files\\Mozilla Firefox\\firefox.exe" "--marionette" "--headless" "--window-size=1920,1080" "--d ... 5" "--remote-allow-hosts" "localhost" "-no-remote" "-profile" "C:\\Users\\jonas\\AppData\\Local\\Temp\\rust_mozprofileK3v5pQ"
*** You are running in headless mode.
console.warn: services.settings: Ignoring preference override of remote settings server
console.warn: services.settings: Allow by setting MOZ_REMOTE_SETTINGS_DEVTOOLS=1 in the environment
1676994027729	Marionette	INFO	Marionette enabled
Dynamically enable window occlusion 0
1676994027732	Marionette	INFO	Listening on port 56004
console.error: "Warning: unrecognized command line flag -window-size\n"
console.error: "Warning: unrecognized command line flag -disable-gpu\n"
Read port: 56004
WebDriver BiDi listening on ws://127.0.0.1:55995
1676994027796	RemoteAgent	WARN	TLS certificate errors will be ignored for this session
[GFX1-]: RenderCompositorSWGL failed mapping default framebuffer, no dt
console.warn: SearchSettings: "get: No settings file exists, new profile?" (new NotFoundError("Could not open the file at C:\\Users\\jonas\\AppData\\Local\\Temp\\rust_mozprofileK3v5pQ\\search.json.mozlz4", (void 0)))
console.error: ({})
DevTools listening on ws://127.0.0.1:55995/devtools/browser/768b700d-1347-4e71-8223-fa72e01e78e5
1676994060469	geckodriver	INFO	Listening on 127.0.0.1:56050
1676994063516	mozrunner::runner	INFO	Running command: "C:\\Program Files\\Mozilla Firefox\\firefox.exe" "--marionette" "-headless" "--remote-debugging-port" "56051" "--remote-allow-hosts" "localhost" "-no-remote" "-profile" "C:\\Users\\jonas\\AppData\\Local\\Temp\\rust_mozprofileCew2Ib"
*** You are running in headless mode.
console.warn: services.settings: Ignoring preference override of remote settings server
console.warn: services.settings: Allow by setting MOZ_REMOTE_SETTINGS_DEVTOOLS=1 in the environment
1676994063712	Marionette	INFO	Marionette enabled
Dynamically enable window occlusion 0
1676994063714	Marionette	INFO	Listening on port 56060
Read port: 56060
WebDriver BiDi listening on ws://127.0.0.1:56051
1676994063781	RemoteAgent	WARN	TLS certificate errors will be ignored for this session
[GFX1-]: RenderCompositorSWGL failed mapping default framebuffer, no dt
console.warn: SearchSettings: "get: No settings file exists, new profile?" (new NotFoundError("Could not open the file at C:\\Users\\jonas\\AppData\\Local\\Temp\\rust_mozprofileCew2Ib\\search.json.mozlz4", (void 0)))
console.error: ({})
DevTools listening on ws://127.0.0.1:56051/devtools/browser/37d97252-9ca0-4afe-8fd6-244ea1bfd696
1676994077323	geckodriver	INFO	Listening on 127.0.0.1:56099
1676994080361	mozrunner::runner	INFO	Running command: "C:\\Program Files\\Mozilla Firefox\\firefox.exe" "--marionette" "--remote-debugging-port" "56100" "--remote-allow-hosts" "localhost" "-no-remote" "-profile" "C:\\Users\\jonas\\AppData\\Local\\Temp\\rust_mozprofiledgF8u0"
console.warn: services.settings: Ignoring preference override of remote settings server
console.warn: services.settings: Allow by setting MOZ_REMOTE_SETTINGS_DEVTOOLS=1 in the environment
1676994080564	Marionette	INFO	Marionette enabled
Dynamically enable window occlusion 0
1676994080567	Marionette	INFO	Listening on port 56107
Read port: 56107
WebDriver BiDi listening on ws://127.0.0.1:56100
1676994080655	RemoteAgent	WARN	TLS certificate errors will be ignored for this session
console.warn: SearchSettings: "get: No settings file exists, new profile?" (new NotFoundError("Could not open the file at C:\\Users\\jonas\\AppData\\Local\\Temp\\rust_mozprofiledgF8u0\\search.json.mozlz4", (void 0)))
DevTools listening on ws://127.0.0.1:56100/devtools/browser/3ce6c3f9-d550-4c12-a41c-c32d5d785374
1676994102854	geckodriver	INFO	Listening on 127.0.0.1:56151
1676994105905	mozrunner::runner	INFO	Running command: "C:\\Program Files\\Mozilla Firefox\\firefox.exe" "--marionette" "--remote-debugging-port" "56152" "--remote-allow-hosts" "localhost" "-no-remote" "-profile" "C:\\Users\\jonas\\AppData\\Local\\Temp\\rust_mozprofileQV7KNk"
console.warn: services.settings: Ignoring preference override of remote settings server
console.warn: services.settings: Allow by setting MOZ_REMOTE_SETTINGS_DEVTOOLS=1 in the environment
1676994106093	Marionette	INFO	Marionette enabled
Dynamically enable window occlusion 0
1676994106096	Marionette	INFO	Listening on port 56159
Read port: 56159
WebDriver BiDi listening on ws://127.0.0.1:56152
1676994106180	RemoteAgent	WARN	TLS certificate errors will be ignored for this session
console.warn: SearchSettings: "get: No settings file exists, new profile?" (new NotFoundError("Could not open the file at C:\\Users\\jonas\\AppData\\Local\\Temp\\rust_mozprofileQV7KNk\\search.json.mozlz4", (void 0)))
DevTools listening on ws://127.0.0.1:56152/devtools/browser/108ba2c8-f52d-40a2-a5c7-f5acce72f07e
1676994172917	Marionette	INFO	Stopped listening on port 56159
Dynamically enable window occlusion 1
